<?xml version="1.0" encoding="utf-8"?><testsuites><testsuite errors="0" failures="0" hostname="virtualbox" name="pytest" skipped="0" tests="619" time="25.653" timestamp="2021-09-11T19:58:10.987070"><testcase classname="tests.test_ep_type" file="tests/test_ep_type.py" line="12" name="test_validate_type_objects[int-True]" time="0.002"></testcase><testcase classname="tests.test_ep_type" file="tests/test_ep_type.py" line="12" name="test_validate_type_objects[str-True]" time="0.002"></testcase><testcase classname="tests.test_ep_type" file="tests/test_ep_type.py" line="12" name="test_validate_type_objects[object-False]" time="0.002"></testcase><testcase classname="tests.test_ep_type" file="tests/test_ep_type.py" line="12" name="test_validate_type_objects[eGC-True]" time="0.002"></testcase><testcase classname="tests.test_ep_type" file="tests/test_ep_type.py" line="12" name="test_validate_type_objects[mGC-True]" time="0.002"></testcase><testcase classname="tests.test_ep_type" file="tests/test_ep_type.py" line="26" name="test_validate_objects[8-True]" time="0.002"></testcase><testcase classname="tests.test_ep_type" file="tests/test_ep_type.py" line="26" name="test_validate_objects[Test-True]" time="0.002"></testcase><testcase classname="tests.test_ep_type" file="tests/test_ep_type.py" line="26" name="test_validate_objects[obj2-False]" time="0.002"></testcase><testcase classname="tests.test_ep_type" file="tests/test_ep_type.py" line="26" name="test_validate_objects[obj3-True]" time="0.002"></testcase><testcase classname="tests.test_ep_type" file="tests/test_ep_type.py" line="26" name="test_validate_objects[mGC-False]" time="0.002"></testcase><testcase classname="tests.test_ep_type" file="tests/test_ep_type.py" line="26" name="test_validate_objects[obj5-False]" time="0.002"></testcase><testcase classname="tests.test_ep_type" file="tests/test_ep_type.py" line="41" name="test_validate_ep_type_str_instances[8-True]" time="0.002"></testcase><testcase classname="tests.test_ep_type" file="tests/test_ep_type.py" line="41" name="test_validate_ep_type_str_instances[str(8)-True]" time="0.002"></testcase><testcase classname="tests.test_ep_type" file="tests/test_ep_type.py" line="41" name="test_validate_ep_type_str_instances[gc_type_eGC()-True]" time="0.002"></testcase><testcase classname="tests.test_ep_type" file="tests/test_ep_type.py" line="41" name="test_validate_ep_type_str_instances[{}-False]" time="0.002"></testcase><testcase classname="tests.test_ep_type" file="tests/test_ep_type.py" line="54" name="test_validate_ep_type_values[2-True]" time="0.002"></testcase><testcase classname="tests.test_ep_type" file="tests/test_ep_type.py" line="54" name="test_validate_ep_type_values[5-True]" time="0.002"></testcase><testcase classname="tests.test_ep_type" file="tests/test_ep_type.py" line="54" name="test_validate_ep_type_values[-32766-False]" time="0.002"></testcase><testcase classname="tests.test_ep_type" file="tests/test_ep_type.py" line="54" name="test_validate_ep_type_values[-1-True]" time="0.002"></testcase><testcase classname="tests.test_ep_type" file="tests/test_ep_type.py" line="54" name="test_validate_ep_type_values[-32768-False]" time="0.002"></testcase><testcase classname="tests.test_ep_type" file="tests/test_ep_type.py" line="54" name="test_validate_ep_type_values[-32767-True]" time="0.002"></testcase><testcase classname="tests.test_ep_type" file="tests/test_ep_type.py" line="69" name="test_validate_ep_type_names[builtins_int-True]" time="0.002"></testcase><testcase classname="tests.test_ep_type" file="tests/test_ep_type.py" line="69" name="test_validate_ep_type_names[builtins_str-True]" time="0.002"></testcase><testcase classname="tests.test_ep_type" file="tests/test_ep_type.py" line="69" name="test_validate_ep_type_names[invalid-False]" time="0.002"></testcase><testcase classname="tests.test_ep_type" file="tests/test_ep_type.py" line="69" name="test_validate_ep_type_names[egp_physics.gc_type_eGC-True]" time="0.002"></testcase><testcase classname="tests.test_ep_type" file="tests/test_ep_type.py" line="69" name="test_validate_ep_type_names[egp_invalid_type-False]" time="0.002"></testcase><testcase classname="tests.test_ep_type" file="tests/test_ep_type.py" line="69" name="test_validate_ep_type_names[egp_unknown_type-True]" time="0.002"></testcase><testcase classname="tests.test_ep_type" file="tests/test_ep_type.py" line="84" name="test_asint_type_objects[int-2]" time="0.002"></testcase><testcase classname="tests.test_ep_type" file="tests/test_ep_type.py" line="84" name="test_asint_type_objects[str-5]" time="0.002"></testcase><testcase classname="tests.test_ep_type" file="tests/test_ep_type.py" line="84" name="test_asint_type_objects[object--32768]" time="0.002"></testcase><testcase classname="tests.test_ep_type" file="tests/test_ep_type.py" line="84" name="test_asint_type_objects[eGC--1]" time="0.002"></testcase><testcase classname="tests.test_ep_type" file="tests/test_ep_type.py" line="84" name="test_asint_type_objects[mGC--2]" time="0.002"></testcase><testcase classname="tests.test_ep_type" file="tests/test_ep_type.py" line="98" name="test_asint_objects[8-2]" time="0.002"></testcase><testcase classname="tests.test_ep_type" file="tests/test_ep_type.py" line="98" name="test_asint_objects[Test-5]" time="0.002"></testcase><testcase classname="tests.test_ep_type" file="tests/test_ep_type.py" line="98" name="test_asint_objects[obj2--32768]" time="0.002"></testcase><testcase classname="tests.test_ep_type" file="tests/test_ep_type.py" line="98" name="test_asint_objects[obj3--1]" time="0.002"></testcase><testcase classname="tests.test_ep_type" file="tests/test_ep_type.py" line="98" name="test_asint_objects[mGC--32768]" time="0.002"></testcase><testcase classname="tests.test_ep_type" file="tests/test_ep_type.py" line="98" name="test_asint_objects[obj5--32768]" time="0.002"></testcase><testcase classname="tests.test_ep_type" file="tests/test_ep_type.py" line="113" name="test_asint_ep_type_str_instances[8-2]" time="0.002"></testcase><testcase classname="tests.test_ep_type" file="tests/test_ep_type.py" line="113" name="test_asint_ep_type_str_instances[str(8)-5]" time="0.002"></testcase><testcase classname="tests.test_ep_type" file="tests/test_ep_type.py" line="113" name="test_asint_ep_type_str_instances[bytes()--32768]" time="0.001"></testcase><testcase classname="tests.test_ep_type" file="tests/test_ep_type.py" line="113" name="test_asint_ep_type_str_instances[gc_type_eGC()--1]" time="0.002"></testcase><testcase classname="tests.test_ep_type" file="tests/test_ep_type.py" line="113" name="test_asint_ep_type_str_instances[{}--32768]" time="0.002"></testcase><testcase classname="tests.test_ep_type" file="tests/test_ep_type.py" line="127" name="test_asint_ep_type_names[builtins_int-2]" time="0.002"></testcase><testcase classname="tests.test_ep_type" file="tests/test_ep_type.py" line="127" name="test_asint_ep_type_names[builtins_str-5]" time="0.001"></testcase><testcase classname="tests.test_ep_type" file="tests/test_ep_type.py" line="127" name="test_asint_ep_type_names[invalid--32768]" time="0.002"></testcase><testcase classname="tests.test_ep_type" file="tests/test_ep_type.py" line="127" name="test_asint_ep_type_names[egp_physics.gc_type_eGC--1]" time="0.002"></testcase><testcase classname="tests.test_ep_type" file="tests/test_ep_type.py" line="127" name="test_asint_ep_type_names[egp_invalid_type--32768]" time="0.002"></testcase><testcase classname="tests.test_ep_type" file="tests/test_ep_type.py" line="127" name="test_asint_ep_type_names[egp_unknown_type--32767]" time="0.002"></testcase><testcase classname="tests.test_ep_type" file="tests/test_ep_type.py" line="142" name="test_asstr_type_objects[int-builtins_int]" time="0.002"></testcase><testcase classname="tests.test_ep_type" file="tests/test_ep_type.py" line="142" name="test_asstr_type_objects[str-builtins_str]" time="0.002"></testcase><testcase classname="tests.test_ep_type" file="tests/test_ep_type.py" line="142" name="test_asstr_type_objects[object-egp_invalid_type]" time="0.002"></testcase><testcase classname="tests.test_ep_type" file="tests/test_ep_type.py" line="142" name="test_asstr_type_objects[eGC-egp_physics.gc_type_eGC]" time="0.002"></testcase><testcase classname="tests.test_ep_type" file="tests/test_ep_type.py" line="142" name="test_asstr_type_objects[mGC-egp_physics.gc_type_mGC]" time="0.002"></testcase><testcase classname="tests.test_ep_type" file="tests/test_ep_type.py" line="156" name="test_asstr_objects[8-builtins_int]" time="0.002"></testcase><testcase classname="tests.test_ep_type" file="tests/test_ep_type.py" line="156" name="test_asstr_objects[Test-builtins_str]" time="0.002"></testcase><testcase classname="tests.test_ep_type" file="tests/test_ep_type.py" line="156" name="test_asstr_objects[obj2-egp_invalid_type]" time="0.002"></testcase><testcase classname="tests.test_ep_type" file="tests/test_ep_type.py" line="156" name="test_asstr_objects[obj3-egp_physics.gc_type_eGC]" time="0.002"></testcase><testcase classname="tests.test_ep_type" file="tests/test_ep_type.py" line="156" name="test_asstr_objects[mGC-egp_invalid_type]" time="0.002"></testcase><testcase classname="tests.test_ep_type" file="tests/test_ep_type.py" line="156" name="test_asstr_objects[obj5-egp_invalid_type]" time="0.002"></testcase><testcase classname="tests.test_ep_type" file="tests/test_ep_type.py" line="171" name="test_asstr_ep_type_str_instances[8-builtins_int]" time="0.002"></testcase><testcase classname="tests.test_ep_type" file="tests/test_ep_type.py" line="171" name="test_asstr_ep_type_str_instances[str(8)-builtins_str]" time="0.002"></testcase><testcase classname="tests.test_ep_type" file="tests/test_ep_type.py" line="171" name="test_asstr_ep_type_str_instances[bytes()-egp_invalid_type]" time="0.002"></testcase><testcase classname="tests.test_ep_type" file="tests/test_ep_type.py" line="171" name="test_asstr_ep_type_str_instances[invalid()-egp_invalid_type]" time="0.002"></testcase><testcase classname="tests.test_ep_type" file="tests/test_ep_type.py" line="171" name="test_asstr_ep_type_str_instances[gc_type_eGC()-egp_physics.gc_type_eGC]" time="0.002"></testcase><testcase classname="tests.test_ep_type" file="tests/test_ep_type.py" line="171" name="test_asstr_ep_type_str_instances[{}-egp_invalid_type]" time="0.002"></testcase><testcase classname="tests.test_ep_type" file="tests/test_ep_type.py" line="185" name="test_asstr_ep_type_values[2-builtins_int]" time="0.002"></testcase><testcase classname="tests.test_ep_type" file="tests/test_ep_type.py" line="185" name="test_asstr_ep_type_values[5-builtins_str]" time="0.002"></testcase><testcase classname="tests.test_ep_type" file="tests/test_ep_type.py" line="185" name="test_asstr_ep_type_values[-32766-egp_invalid_type]" time="0.002"></testcase><testcase classname="tests.test_ep_type" file="tests/test_ep_type.py" line="185" name="test_asstr_ep_type_values[-1-egp_physics.gc_type_eGC]" time="0.001"></testcase><testcase classname="tests.test_ep_type" file="tests/test_ep_type.py" line="185" name="test_asstr_ep_type_values[-32768-egp_invalid_type]" time="0.002"></testcase><testcase classname="tests.test_ep_type" file="tests/test_ep_type.py" line="185" name="test_asstr_ep_type_values[-32767-egp_unknown_type]" time="0.002"></testcase><testcase classname="tests.test_ep_type" file="tests/test_ep_type.py" line="200" name="test_asstr_ep_type_str" time="0.001"></testcase><testcase classname="tests.test_ep_type" file="tests/test_ep_type.py" line="205" name="test_import_str" time="0.002"></testcase><testcase classname="tests.test_ep_type" file="tests/test_ep_type.py" line="210" name="test_compatible" time="0.001"></testcase><testcase classname="tests.test_ep_type" file="tests/test_ep_type.py" line="215" name="test_type_str[2-int]" time="0.002"></testcase><testcase classname="tests.test_ep_type" file="tests/test_ep_type.py" line="215" name="test_type_str[5-str]" time="0.002"></testcase><testcase classname="tests.test_ep_type" file="tests/test_ep_type.py" line="215" name="test_type_str[-1-gc_type_eGC]" time="0.003"></testcase><testcase classname="tests.test_ep_type" file="tests/test_ep_type.py" line="227" name="test_instance_str[0]" time="0.002"></testcase><testcase classname="tests.test_ep_type" file="tests/test_ep_type.py" line="227" name="test_instance_str[1]" time="0.002"></testcase><testcase classname="tests.test_ep_type" file="tests/test_ep_type.py" line="227" name="test_instance_str[2]" time="0.002"></testcase><testcase classname="tests.test_ep_type" file="tests/test_ep_type.py" line="227" name="test_instance_str[3]" time="0.001"></testcase><testcase classname="tests.test_ep_type" file="tests/test_ep_type.py" line="227" name="test_instance_str[4]" time="0.002"></testcase><testcase classname="tests.test_ep_type" file="tests/test_ep_type.py" line="227" name="test_instance_str[5]" time="0.002"></testcase><testcase classname="tests.test_ep_type" file="tests/test_ep_type.py" line="227" name="test_instance_str[128]" time="0.002"></testcase><testcase classname="tests.test_ep_type" file="tests/test_ep_type.py" line="227" name="test_instance_str[-32768]" time="0.001"></testcase><testcase classname="tests.test_ep_type" file="tests/test_ep_type.py" line="227" name="test_instance_str[-32767]" time="0.001"></testcase><testcase classname="tests.test_ep_type" file="tests/test_ep_type.py" line="227" name="test_instance_str[-1]" time="0.002"></testcase><testcase classname="tests.test_ep_type" file="tests/test_ep_type.py" line="227" name="test_instance_str[-2]" time="0.002"></testcase><testcase classname="tests.test_gc_graph" file="tests/test_gc_graph.py" line="126" name="test_graph_validation[0-case0]" time="0.002"></testcase><testcase classname="tests.test_gc_graph" file="tests/test_gc_graph.py" line="126" name="test_graph_validation[1-case1]" time="0.002"></testcase><testcase classname="tests.test_gc_graph" file="tests/test_gc_graph.py" line="126" name="test_graph_validation[2-case2]" time="0.002"></testcase><testcase classname="tests.test_gc_graph" file="tests/test_gc_graph.py" line="126" name="test_graph_validation[3-case3]" time="0.002"></testcase><testcase classname="tests.test_gc_graph" file="tests/test_gc_graph.py" line="126" name="test_graph_validation[4-case4]" time="0.002"></testcase><testcase classname="tests.test_gc_graph" file="tests/test_gc_graph.py" line="126" name="test_graph_validation[5-case5]" time="0.002"></testcase><testcase classname="tests.test_gc_graph" file="tests/test_gc_graph.py" line="126" name="test_graph_validation[6-case6]" time="0.003"></testcase><testcase classname="tests.test_gc_graph" file="tests/test_gc_graph.py" line="126" name="test_graph_validation[7-case7]" time="0.004"></testcase><testcase classname="tests.test_gc_graph" file="tests/test_gc_graph.py" line="126" name="test_graph_validation[8-case8]" time="0.003"></testcase><testcase classname="tests.test_gc_graph" file="tests/test_gc_graph.py" line="126" name="test_graph_validation[9-case9]" time="0.002"></testcase><testcase classname="tests.test_gc_graph" file="tests/test_gc_graph.py" line="126" name="test_graph_validation[10-case10]" time="0.004"></testcase><testcase classname="tests.test_gc_graph" file="tests/test_gc_graph.py" line="126" name="test_graph_validation[11-case11]" time="0.002"></testcase><testcase classname="tests.test_gc_graph" file="tests/test_gc_graph.py" line="126" name="test_graph_validation[12-case12]" time="0.004"></testcase><testcase classname="tests.test_gc_graph" file="tests/test_gc_graph.py" line="126" name="test_graph_validation[13-case13]" time="0.003"></testcase><testcase classname="tests.test_gc_graph" file="tests/test_gc_graph.py" line="126" name="test_graph_validation[14-case14]" time="0.003"></testcase><testcase classname="tests.test_gc_graph" file="tests/test_gc_graph.py" line="126" name="test_graph_validation[15-case15]" time="0.003"></testcase><testcase classname="tests.test_gc_graph" file="tests/test_gc_graph.py" line="126" name="test_graph_validation[16-case16]" time="0.004"></testcase><testcase classname="tests.test_gc_graph" file="tests/test_gc_graph.py" line="126" name="test_graph_validation[17-case17]" time="0.002"></testcase><testcase classname="tests.test_gc_graph" file="tests/test_gc_graph.py" line="126" name="test_graph_validation[18-case18]" time="0.002"></testcase><testcase classname="tests.test_gc_graph" file="tests/test_gc_graph.py" line="126" name="test_graph_validation[19-case19]" time="0.002"></testcase><testcase classname="tests.test_gc_graph" file="tests/test_gc_graph.py" line="126" name="test_graph_validation[20-case20]" time="0.002"></testcase><testcase classname="tests.test_gc_graph" file="tests/test_gc_graph.py" line="126" name="test_graph_validation[21-case21]" time="0.002"></testcase><testcase classname="tests.test_gc_graph" file="tests/test_gc_graph.py" line="126" name="test_graph_validation[22-case22]" time="0.004"></testcase><testcase classname="tests.test_gc_graph" file="tests/test_gc_graph.py" line="135" name="test_graph_str[0-case0]" time="0.005"></testcase><testcase classname="tests.test_gc_graph" file="tests/test_gc_graph.py" line="135" name="test_graph_str[1-case1]" time="0.002"></testcase><testcase classname="tests.test_gc_graph" file="tests/test_gc_graph.py" line="135" name="test_graph_str[2-case2]" time="0.002"></testcase><testcase classname="tests.test_gc_graph" file="tests/test_gc_graph.py" line="135" name="test_graph_str[3-case3]" time="0.002"></testcase><testcase classname="tests.test_gc_graph" file="tests/test_gc_graph.py" line="135" name="test_graph_str[4-case4]" time="0.002"></testcase><testcase classname="tests.test_gc_graph" file="tests/test_gc_graph.py" line="135" name="test_graph_str[5-case5]" time="0.002"></testcase><testcase classname="tests.test_gc_graph" file="tests/test_gc_graph.py" line="135" name="test_graph_str[6-case6]" time="0.002"></testcase><testcase classname="tests.test_gc_graph" file="tests/test_gc_graph.py" line="135" name="test_graph_str[7-case7]" time="0.002"></testcase><testcase classname="tests.test_gc_graph" file="tests/test_gc_graph.py" line="135" name="test_graph_str[8-case8]" time="0.002"></testcase><testcase classname="tests.test_gc_graph" file="tests/test_gc_graph.py" line="135" name="test_graph_str[9-case9]" time="0.002"></testcase><testcase classname="tests.test_gc_graph" file="tests/test_gc_graph.py" line="135" name="test_graph_str[10-case10]" time="0.002"></testcase><testcase classname="tests.test_gc_graph" file="tests/test_gc_graph.py" line="135" name="test_graph_str[11-case11]" time="0.002"></testcase><testcase classname="tests.test_gc_graph" file="tests/test_gc_graph.py" line="135" name="test_graph_str[12-case12]" time="0.002"></testcase><testcase classname="tests.test_gc_graph" file="tests/test_gc_graph.py" line="135" name="test_graph_str[13-case13]" time="0.002"></testcase><testcase classname="tests.test_gc_graph" file="tests/test_gc_graph.py" line="135" name="test_graph_str[14-case14]" time="0.002"></testcase><testcase classname="tests.test_gc_graph" file="tests/test_gc_graph.py" line="135" name="test_graph_str[15-case15]" time="0.002"></testcase><testcase classname="tests.test_gc_graph" file="tests/test_gc_graph.py" line="135" name="test_graph_str[16-case16]" time="0.002"></testcase><testcase classname="tests.test_gc_graph" file="tests/test_gc_graph.py" line="135" name="test_graph_str[17-case17]" time="0.002"></testcase><testcase classname="tests.test_gc_graph" file="tests/test_gc_graph.py" line="135" name="test_graph_str[18-case18]" time="0.002"></testcase><testcase classname="tests.test_gc_graph" file="tests/test_gc_graph.py" line="135" name="test_graph_str[19-case19]" time="0.002"></testcase><testcase classname="tests.test_gc_graph" file="tests/test_gc_graph.py" line="135" name="test_graph_str[20-case20]" time="0.002"></testcase><testcase classname="tests.test_gc_graph" file="tests/test_gc_graph.py" line="135" name="test_graph_str[21-case21]" time="0.002"></testcase><testcase classname="tests.test_gc_graph" file="tests/test_gc_graph.py" line="135" name="test_graph_str[22-case22]" time="0.002"></testcase><testcase classname="tests.test_gc_graph" file="tests/test_gc_graph.py" line="142" name="test_graph_draw[0-case0]" time="0.243"></testcase><testcase classname="tests.test_gc_graph" file="tests/test_gc_graph.py" line="142" name="test_graph_draw[1-case1]" time="0.156"></testcase><testcase classname="tests.test_gc_graph" file="tests/test_gc_graph.py" line="142" name="test_graph_draw[2-case2]" time="0.131"></testcase><testcase classname="tests.test_gc_graph" file="tests/test_gc_graph.py" line="142" name="test_graph_draw[3-case3]" time="0.126"></testcase><testcase classname="tests.test_gc_graph" file="tests/test_gc_graph.py" line="142" name="test_graph_draw[4-case4]" time="0.180"></testcase><testcase classname="tests.test_gc_graph" file="tests/test_gc_graph.py" line="142" name="test_graph_draw[5-case5]" time="0.134"></testcase><testcase classname="tests.test_gc_graph" file="tests/test_gc_graph.py" line="142" name="test_graph_draw[6-case6]" time="0.206"></testcase><testcase classname="tests.test_gc_graph" file="tests/test_gc_graph.py" line="142" name="test_graph_draw[7-case7]" time="0.130"></testcase><testcase classname="tests.test_gc_graph" file="tests/test_gc_graph.py" line="142" name="test_graph_draw[8-case8]" time="0.211"></testcase><testcase classname="tests.test_gc_graph" file="tests/test_gc_graph.py" line="142" name="test_graph_draw[9-case9]" time="0.001"></testcase><testcase classname="tests.test_gc_graph" file="tests/test_gc_graph.py" line="142" name="test_graph_draw[10-case10]" time="0.127"></testcase><testcase classname="tests.test_gc_graph" file="tests/test_gc_graph.py" line="142" name="test_graph_draw[11-case11]" time="0.001"></testcase><testcase classname="tests.test_gc_graph" file="tests/test_gc_graph.py" line="142" name="test_graph_draw[12-case12]" time="0.001"></testcase><testcase classname="tests.test_gc_graph" file="tests/test_gc_graph.py" line="142" name="test_graph_draw[13-case13]" time="0.001"></testcase><testcase classname="tests.test_gc_graph" file="tests/test_gc_graph.py" line="142" name="test_graph_draw[14-case14]" time="0.122"></testcase><testcase classname="tests.test_gc_graph" file="tests/test_gc_graph.py" line="142" name="test_graph_draw[15-case15]" time="0.001"></testcase><testcase classname="tests.test_gc_graph" file="tests/test_gc_graph.py" line="142" name="test_graph_draw[16-case16]" time="0.001"></testcase><testcase classname="tests.test_gc_graph" file="tests/test_gc_graph.py" line="142" name="test_graph_draw[17-case17]" time="0.001"></testcase><testcase classname="tests.test_gc_graph" file="tests/test_gc_graph.py" line="142" name="test_graph_draw[18-case18]" time="0.001"></testcase><testcase classname="tests.test_gc_graph" file="tests/test_gc_graph.py" line="142" name="test_graph_draw[19-case19]" time="0.001"></testcase><testcase classname="tests.test_gc_graph" file="tests/test_gc_graph.py" line="142" name="test_graph_draw[20-case20]" time="0.001"></testcase><testcase classname="tests.test_gc_graph" file="tests/test_gc_graph.py" line="142" name="test_graph_draw[21-case21]" time="0.001"></testcase><testcase classname="tests.test_gc_graph" file="tests/test_gc_graph.py" line="142" name="test_graph_draw[22-case22]" time="0.001"></testcase><testcase classname="tests.test_gc_graph" file="tests/test_gc_graph.py" line="150" name="test_graph_internal[0-case0]" time="0.001"></testcase><testcase classname="tests.test_gc_graph" file="tests/test_gc_graph.py" line="150" name="test_graph_internal[1-case1]" time="0.002"></testcase><testcase classname="tests.test_gc_graph" file="tests/test_gc_graph.py" line="150" name="test_graph_internal[2-case2]" time="0.002"></testcase><testcase classname="tests.test_gc_graph" file="tests/test_gc_graph.py" line="150" name="test_graph_internal[3-case3]" time="0.002"></testcase><testcase classname="tests.test_gc_graph" file="tests/test_gc_graph.py" line="150" name="test_graph_internal[4-case4]" time="0.002"></testcase><testcase classname="tests.test_gc_graph" file="tests/test_gc_graph.py" line="150" name="test_graph_internal[5-case5]" time="0.002"></testcase><testcase classname="tests.test_gc_graph" file="tests/test_gc_graph.py" line="150" name="test_graph_internal[6-case6]" time="0.002"></testcase><testcase classname="tests.test_gc_graph" file="tests/test_gc_graph.py" line="150" name="test_graph_internal[7-case7]" time="0.002"></testcase><testcase classname="tests.test_gc_graph" file="tests/test_gc_graph.py" line="150" name="test_graph_internal[8-case8]" time="0.002"></testcase><testcase classname="tests.test_gc_graph" file="tests/test_gc_graph.py" line="150" name="test_graph_internal[9-case9]" time="0.002"></testcase><testcase classname="tests.test_gc_graph" file="tests/test_gc_graph.py" line="150" name="test_graph_internal[10-case10]" time="0.002"></testcase><testcase classname="tests.test_gc_graph" file="tests/test_gc_graph.py" line="150" name="test_graph_internal[11-case11]" time="0.001"></testcase><testcase classname="tests.test_gc_graph" file="tests/test_gc_graph.py" line="150" name="test_graph_internal[12-case12]" time="0.001"></testcase><testcase classname="tests.test_gc_graph" file="tests/test_gc_graph.py" line="150" name="test_graph_internal[13-case13]" time="0.001"></testcase><testcase classname="tests.test_gc_graph" file="tests/test_gc_graph.py" line="150" name="test_graph_internal[14-case14]" time="0.002"></testcase><testcase classname="tests.test_gc_graph" file="tests/test_gc_graph.py" line="150" name="test_graph_internal[15-case15]" time="0.001"></testcase><testcase classname="tests.test_gc_graph" file="tests/test_gc_graph.py" line="150" name="test_graph_internal[16-case16]" time="0.002"></testcase><testcase classname="tests.test_gc_graph" file="tests/test_gc_graph.py" line="150" name="test_graph_internal[17-case17]" time="0.002"></testcase><testcase classname="tests.test_gc_graph" file="tests/test_gc_graph.py" line="150" name="test_graph_internal[18-case18]" time="0.002"></testcase><testcase classname="tests.test_gc_graph" file="tests/test_gc_graph.py" line="150" name="test_graph_internal[19-case19]" time="0.002"></testcase><testcase classname="tests.test_gc_graph" file="tests/test_gc_graph.py" line="150" name="test_graph_internal[20-case20]" time="0.002"></testcase><testcase classname="tests.test_gc_graph" file="tests/test_gc_graph.py" line="150" name="test_graph_internal[21-case21]" time="0.002"></testcase><testcase classname="tests.test_gc_graph" file="tests/test_gc_graph.py" line="150" name="test_graph_internal[22-case22]" time="0.002"></testcase><testcase classname="tests.test_gc_graph" file="tests/test_gc_graph.py" line="158" name="test_graph_conversion[0-case0]" time="0.001"></testcase><testcase classname="tests.test_gc_graph" file="tests/test_gc_graph.py" line="158" name="test_graph_conversion[1-case1]" time="0.001"></testcase><testcase classname="tests.test_gc_graph" file="tests/test_gc_graph.py" line="158" name="test_graph_conversion[2-case2]" time="0.001"></testcase><testcase classname="tests.test_gc_graph" file="tests/test_gc_graph.py" line="158" name="test_graph_conversion[3-case3]" time="0.001"></testcase><testcase classname="tests.test_gc_graph" file="tests/test_gc_graph.py" line="158" name="test_graph_conversion[4-case4]" time="0.001"></testcase><testcase classname="tests.test_gc_graph" file="tests/test_gc_graph.py" line="158" name="test_graph_conversion[5-case5]" time="0.002"></testcase><testcase classname="tests.test_gc_graph" file="tests/test_gc_graph.py" line="158" name="test_graph_conversion[6-case6]" time="0.002"></testcase><testcase classname="tests.test_gc_graph" file="tests/test_gc_graph.py" line="158" name="test_graph_conversion[7-case7]" time="0.002"></testcase><testcase classname="tests.test_gc_graph" file="tests/test_gc_graph.py" line="158" name="test_graph_conversion[8-case8]" time="0.001"></testcase><testcase classname="tests.test_gc_graph" file="tests/test_gc_graph.py" line="158" name="test_graph_conversion[9-case9]" time="0.001"></testcase><testcase classname="tests.test_gc_graph" file="tests/test_gc_graph.py" line="158" name="test_graph_conversion[10-case10]" time="0.001"></testcase><testcase classname="tests.test_gc_graph" file="tests/test_gc_graph.py" line="158" name="test_graph_conversion[11-case11]" time="0.001"></testcase><testcase classname="tests.test_gc_graph" file="tests/test_gc_graph.py" line="158" name="test_graph_conversion[12-case12]" time="0.001"></testcase><testcase classname="tests.test_gc_graph" file="tests/test_gc_graph.py" line="158" name="test_graph_conversion[13-case13]" time="0.001"></testcase><testcase classname="tests.test_gc_graph" file="tests/test_gc_graph.py" line="158" name="test_graph_conversion[14-case14]" time="0.002"></testcase><testcase classname="tests.test_gc_graph" file="tests/test_gc_graph.py" line="158" name="test_graph_conversion[15-case15]" time="0.001"></testcase><testcase classname="tests.test_gc_graph" file="tests/test_gc_graph.py" line="158" name="test_graph_conversion[16-case16]" time="0.001"></testcase><testcase classname="tests.test_gc_graph" file="tests/test_gc_graph.py" line="158" name="test_graph_conversion[17-case17]" time="0.001"></testcase><testcase classname="tests.test_gc_graph" file="tests/test_gc_graph.py" line="158" name="test_graph_conversion[18-case18]" time="0.001"></testcase><testcase classname="tests.test_gc_graph" file="tests/test_gc_graph.py" line="158" name="test_graph_conversion[19-case19]" time="0.001"></testcase><testcase classname="tests.test_gc_graph" file="tests/test_gc_graph.py" line="158" name="test_graph_conversion[20-case20]" time="0.001"></testcase><testcase classname="tests.test_gc_graph" file="tests/test_gc_graph.py" line="158" name="test_graph_conversion[21-case21]" time="0.001"></testcase><testcase classname="tests.test_gc_graph" file="tests/test_gc_graph.py" line="158" name="test_graph_conversion[22-case22]" time="0.001"></testcase><testcase classname="tests.test_gc_graph" file="tests/test_gc_graph.py" line="170" name="test_remove_connection_simple[0]" time="0.004"></testcase><testcase classname="tests.test_gc_graph" file="tests/test_gc_graph.py" line="170" name="test_remove_connection_simple[1]" time="0.005"></testcase><testcase classname="tests.test_gc_graph" file="tests/test_gc_graph.py" line="170" name="test_remove_connection_simple[2]" time="0.004"></testcase><testcase classname="tests.test_gc_graph" file="tests/test_gc_graph.py" line="170" name="test_remove_connection_simple[3]" time="0.004"></testcase><testcase classname="tests.test_gc_graph" file="tests/test_gc_graph.py" line="170" name="test_remove_connection_simple[4]" time="0.004"></testcase><testcase classname="tests.test_gc_graph" file="tests/test_gc_graph.py" line="170" name="test_remove_connection_simple[5]" time="0.003"></testcase><testcase classname="tests.test_gc_graph" file="tests/test_gc_graph.py" line="170" name="test_remove_connection_simple[6]" time="0.002"></testcase><testcase classname="tests.test_gc_graph" file="tests/test_gc_graph.py" line="170" name="test_remove_connection_simple[7]" time="0.005"></testcase><testcase classname="tests.test_gc_graph" file="tests/test_gc_graph.py" line="170" name="test_remove_connection_simple[8]" time="0.004"></testcase><testcase classname="tests.test_gc_graph" file="tests/test_gc_graph.py" line="170" name="test_remove_connection_simple[9]" time="0.003"></testcase><testcase classname="tests.test_gc_graph" file="tests/test_gc_graph.py" line="170" name="test_remove_connection_simple[10]" time="0.004"></testcase><testcase classname="tests.test_gc_graph" file="tests/test_gc_graph.py" line="170" name="test_remove_connection_simple[11]" time="0.005"></testcase><testcase classname="tests.test_gc_graph" file="tests/test_gc_graph.py" line="170" name="test_remove_connection_simple[12]" time="0.005"></testcase><testcase classname="tests.test_gc_graph" file="tests/test_gc_graph.py" line="170" name="test_remove_connection_simple[13]" time="0.004"></testcase><testcase classname="tests.test_gc_graph" file="tests/test_gc_graph.py" line="170" name="test_remove_connection_simple[14]" time="0.003"></testcase><testcase classname="tests.test_gc_graph" file="tests/test_gc_graph.py" line="170" name="test_remove_connection_simple[15]" time="0.004"></testcase><testcase classname="tests.test_gc_graph" file="tests/test_gc_graph.py" line="170" name="test_remove_connection_simple[16]" time="0.004"></testcase><testcase classname="tests.test_gc_graph" file="tests/test_gc_graph.py" line="170" name="test_remove_connection_simple[17]" time="0.003"></testcase><testcase classname="tests.test_gc_graph" file="tests/test_gc_graph.py" line="170" name="test_remove_connection_simple[18]" time="0.003"></testcase><testcase classname="tests.test_gc_graph" file="tests/test_gc_graph.py" line="170" name="test_remove_connection_simple[19]" time="0.004"></testcase><testcase classname="tests.test_gc_graph" file="tests/test_gc_graph.py" line="170" name="test_remove_connection_simple[20]" time="0.007"></testcase><testcase classname="tests.test_gc_graph" file="tests/test_gc_graph.py" line="170" name="test_remove_connection_simple[21]" time="0.002"></testcase><testcase classname="tests.test_gc_graph" file="tests/test_gc_graph.py" line="170" name="test_remove_connection_simple[22]" time="0.005"></testcase><testcase classname="tests.test_gc_graph" file="tests/test_gc_graph.py" line="170" name="test_remove_connection_simple[23]" time="0.006"></testcase><testcase classname="tests.test_gc_graph" file="tests/test_gc_graph.py" line="170" name="test_remove_connection_simple[24]" time="0.003"></testcase><testcase classname="tests.test_gc_graph" file="tests/test_gc_graph.py" line="170" name="test_remove_connection_simple[25]" time="0.003"></testcase><testcase classname="tests.test_gc_graph" file="tests/test_gc_graph.py" line="170" name="test_remove_connection_simple[26]" time="0.006"></testcase><testcase classname="tests.test_gc_graph" file="tests/test_gc_graph.py" line="170" name="test_remove_connection_simple[27]" time="0.005"></testcase><testcase classname="tests.test_gc_graph" file="tests/test_gc_graph.py" line="170" name="test_remove_connection_simple[28]" time="0.003"></testcase><testcase classname="tests.test_gc_graph" file="tests/test_gc_graph.py" line="170" name="test_remove_connection_simple[29]" time="0.003"></testcase><testcase classname="tests.test_gc_graph" file="tests/test_gc_graph.py" line="170" name="test_remove_connection_simple[30]" time="0.003"></testcase><testcase classname="tests.test_gc_graph" file="tests/test_gc_graph.py" line="170" name="test_remove_connection_simple[31]" time="0.003"></testcase><testcase classname="tests.test_gc_graph" file="tests/test_gc_graph.py" line="170" name="test_remove_connection_simple[32]" time="0.002"></testcase><testcase classname="tests.test_gc_graph" file="tests/test_gc_graph.py" line="170" name="test_remove_connection_simple[33]" time="0.003"></testcase><testcase classname="tests.test_gc_graph" file="tests/test_gc_graph.py" line="170" name="test_remove_connection_simple[34]" time="0.005"></testcase><testcase classname="tests.test_gc_graph" file="tests/test_gc_graph.py" line="170" name="test_remove_connection_simple[35]" time="0.007"></testcase><testcase classname="tests.test_gc_graph" file="tests/test_gc_graph.py" line="170" name="test_remove_connection_simple[36]" time="0.002"></testcase><testcase classname="tests.test_gc_graph" file="tests/test_gc_graph.py" line="170" name="test_remove_connection_simple[37]" time="0.004"></testcase><testcase classname="tests.test_gc_graph" file="tests/test_gc_graph.py" line="170" name="test_remove_connection_simple[38]" time="0.003"></testcase><testcase classname="tests.test_gc_graph" file="tests/test_gc_graph.py" line="170" name="test_remove_connection_simple[39]" time="0.002"></testcase><testcase classname="tests.test_gc_graph" file="tests/test_gc_graph.py" line="170" name="test_remove_connection_simple[40]" time="0.004"></testcase><testcase classname="tests.test_gc_graph" file="tests/test_gc_graph.py" line="170" name="test_remove_connection_simple[41]" time="0.003"></testcase><testcase classname="tests.test_gc_graph" file="tests/test_gc_graph.py" line="170" name="test_remove_connection_simple[42]" time="0.003"></testcase><testcase classname="tests.test_gc_graph" file="tests/test_gc_graph.py" line="170" name="test_remove_connection_simple[43]" time="0.006"></testcase><testcase classname="tests.test_gc_graph" file="tests/test_gc_graph.py" line="170" name="test_remove_connection_simple[44]" time="0.007"></testcase><testcase classname="tests.test_gc_graph" file="tests/test_gc_graph.py" line="170" name="test_remove_connection_simple[45]" time="0.004"></testcase><testcase classname="tests.test_gc_graph" file="tests/test_gc_graph.py" line="170" name="test_remove_connection_simple[46]" time="0.004"></testcase><testcase classname="tests.test_gc_graph" file="tests/test_gc_graph.py" line="170" name="test_remove_connection_simple[47]" time="0.004"></testcase><testcase classname="tests.test_gc_graph" file="tests/test_gc_graph.py" line="170" name="test_remove_connection_simple[48]" time="0.005"></testcase><testcase classname="tests.test_gc_graph" file="tests/test_gc_graph.py" line="170" name="test_remove_connection_simple[49]" time="0.003"></testcase><testcase classname="tests.test_gc_graph" file="tests/test_gc_graph.py" line="170" name="test_remove_connection_simple[50]" time="0.003"></testcase><testcase classname="tests.test_gc_graph" file="tests/test_gc_graph.py" line="170" name="test_remove_connection_simple[51]" time="0.002"></testcase><testcase classname="tests.test_gc_graph" file="tests/test_gc_graph.py" line="170" name="test_remove_connection_simple[52]" time="0.003"></testcase><testcase classname="tests.test_gc_graph" file="tests/test_gc_graph.py" line="170" name="test_remove_connection_simple[53]" time="0.004"></testcase><testcase classname="tests.test_gc_graph" file="tests/test_gc_graph.py" line="170" name="test_remove_connection_simple[54]" time="0.005"></testcase><testcase classname="tests.test_gc_graph" file="tests/test_gc_graph.py" line="170" name="test_remove_connection_simple[55]" time="0.002"></testcase><testcase classname="tests.test_gc_graph" file="tests/test_gc_graph.py" line="170" name="test_remove_connection_simple[56]" time="0.003"></testcase><testcase classname="tests.test_gc_graph" file="tests/test_gc_graph.py" line="170" name="test_remove_connection_simple[57]" time="0.003"></testcase><testcase classname="tests.test_gc_graph" file="tests/test_gc_graph.py" line="170" name="test_remove_connection_simple[58]" time="0.004"></testcase><testcase classname="tests.test_gc_graph" file="tests/test_gc_graph.py" line="170" name="test_remove_connection_simple[59]" time="0.002"></testcase><testcase classname="tests.test_gc_graph" file="tests/test_gc_graph.py" line="170" name="test_remove_connection_simple[60]" time="0.005"></testcase><testcase classname="tests.test_gc_graph" file="tests/test_gc_graph.py" line="170" name="test_remove_connection_simple[61]" time="0.004"></testcase><testcase classname="tests.test_gc_graph" file="tests/test_gc_graph.py" line="170" name="test_remove_connection_simple[62]" time="0.003"></testcase><testcase classname="tests.test_gc_graph" file="tests/test_gc_graph.py" line="170" name="test_remove_connection_simple[63]" time="0.005"></testcase><testcase classname="tests.test_gc_graph" file="tests/test_gc_graph.py" line="170" name="test_remove_connection_simple[64]" time="0.003"></testcase><testcase classname="tests.test_gc_graph" file="tests/test_gc_graph.py" line="170" name="test_remove_connection_simple[65]" time="0.005"></testcase><testcase classname="tests.test_gc_graph" file="tests/test_gc_graph.py" line="170" name="test_remove_connection_simple[66]" time="0.003"></testcase><testcase classname="tests.test_gc_graph" file="tests/test_gc_graph.py" line="170" name="test_remove_connection_simple[67]" time="0.003"></testcase><testcase classname="tests.test_gc_graph" file="tests/test_gc_graph.py" line="170" name="test_remove_connection_simple[68]" time="0.005"></testcase><testcase classname="tests.test_gc_graph" file="tests/test_gc_graph.py" line="170" name="test_remove_connection_simple[69]" time="0.003"></testcase><testcase classname="tests.test_gc_graph" file="tests/test_gc_graph.py" line="170" name="test_remove_connection_simple[70]" time="0.004"></testcase><testcase classname="tests.test_gc_graph" file="tests/test_gc_graph.py" line="170" name="test_remove_connection_simple[71]" time="0.002"></testcase><testcase classname="tests.test_gc_graph" file="tests/test_gc_graph.py" line="170" name="test_remove_connection_simple[72]" time="0.004"></testcase><testcase classname="tests.test_gc_graph" file="tests/test_gc_graph.py" line="170" name="test_remove_connection_simple[73]" time="0.008"></testcase><testcase classname="tests.test_gc_graph" file="tests/test_gc_graph.py" line="170" name="test_remove_connection_simple[74]" time="0.002"></testcase><testcase classname="tests.test_gc_graph" file="tests/test_gc_graph.py" line="170" name="test_remove_connection_simple[75]" time="0.005"></testcase><testcase classname="tests.test_gc_graph" file="tests/test_gc_graph.py" line="170" name="test_remove_connection_simple[76]" time="0.007"></testcase><testcase classname="tests.test_gc_graph" file="tests/test_gc_graph.py" line="170" name="test_remove_connection_simple[77]" time="0.002"></testcase><testcase classname="tests.test_gc_graph" file="tests/test_gc_graph.py" line="170" name="test_remove_connection_simple[78]" time="0.004"></testcase><testcase classname="tests.test_gc_graph" file="tests/test_gc_graph.py" line="170" name="test_remove_connection_simple[79]" time="0.005"></testcase><testcase classname="tests.test_gc_graph" file="tests/test_gc_graph.py" line="170" name="test_remove_connection_simple[80]" time="0.002"></testcase><testcase classname="tests.test_gc_graph" file="tests/test_gc_graph.py" line="170" name="test_remove_connection_simple[81]" time="0.004"></testcase><testcase classname="tests.test_gc_graph" file="tests/test_gc_graph.py" line="170" name="test_remove_connection_simple[82]" time="0.006"></testcase><testcase classname="tests.test_gc_graph" file="tests/test_gc_graph.py" line="170" name="test_remove_connection_simple[83]" time="0.002"></testcase><testcase classname="tests.test_gc_graph" file="tests/test_gc_graph.py" line="170" name="test_remove_connection_simple[84]" time="0.005"></testcase><testcase classname="tests.test_gc_graph" file="tests/test_gc_graph.py" line="170" name="test_remove_connection_simple[85]" time="0.002"></testcase><testcase classname="tests.test_gc_graph" file="tests/test_gc_graph.py" line="170" name="test_remove_connection_simple[86]" time="0.002"></testcase><testcase classname="tests.test_gc_graph" file="tests/test_gc_graph.py" line="170" name="test_remove_connection_simple[87]" time="0.002"></testcase><testcase classname="tests.test_gc_graph" file="tests/test_gc_graph.py" line="170" name="test_remove_connection_simple[88]" time="0.007"></testcase><testcase classname="tests.test_gc_graph" file="tests/test_gc_graph.py" line="170" name="test_remove_connection_simple[89]" time="0.003"></testcase><testcase classname="tests.test_gc_graph" file="tests/test_gc_graph.py" line="170" name="test_remove_connection_simple[90]" time="0.005"></testcase><testcase classname="tests.test_gc_graph" file="tests/test_gc_graph.py" line="170" name="test_remove_connection_simple[91]" time="0.010"></testcase><testcase classname="tests.test_gc_graph" file="tests/test_gc_graph.py" line="170" name="test_remove_connection_simple[92]" time="0.005"></testcase><testcase classname="tests.test_gc_graph" file="tests/test_gc_graph.py" line="170" name="test_remove_connection_simple[93]" time="0.003"></testcase><testcase classname="tests.test_gc_graph" file="tests/test_gc_graph.py" line="170" name="test_remove_connection_simple[94]" time="0.003"></testcase><testcase classname="tests.test_gc_graph" file="tests/test_gc_graph.py" line="170" name="test_remove_connection_simple[95]" time="0.002"></testcase><testcase classname="tests.test_gc_graph" file="tests/test_gc_graph.py" line="170" name="test_remove_connection_simple[96]" time="0.005"></testcase><testcase classname="tests.test_gc_graph" file="tests/test_gc_graph.py" line="170" name="test_remove_connection_simple[97]" time="0.004"></testcase><testcase classname="tests.test_gc_graph" file="tests/test_gc_graph.py" line="170" name="test_remove_connection_simple[98]" time="0.002"></testcase><testcase classname="tests.test_gc_graph" file="tests/test_gc_graph.py" line="170" name="test_remove_connection_simple[99]" time="0.003"></testcase><testcase classname="tests.test_gc_graph" file="tests/test_gc_graph.py" line="189" name="test_add_connection[0]" time="0.005"></testcase><testcase classname="tests.test_gc_graph" file="tests/test_gc_graph.py" line="189" name="test_add_connection[1]" time="0.003"></testcase><testcase classname="tests.test_gc_graph" file="tests/test_gc_graph.py" line="189" name="test_add_connection[2]" time="0.004"></testcase><testcase classname="tests.test_gc_graph" file="tests/test_gc_graph.py" line="189" name="test_add_connection[3]" time="0.004"></testcase><testcase classname="tests.test_gc_graph" file="tests/test_gc_graph.py" line="189" name="test_add_connection[4]" time="0.002"></testcase><testcase classname="tests.test_gc_graph" file="tests/test_gc_graph.py" line="189" name="test_add_connection[5]" time="0.006"></testcase><testcase classname="tests.test_gc_graph" file="tests/test_gc_graph.py" line="189" name="test_add_connection[6]" time="0.002"></testcase><testcase classname="tests.test_gc_graph" file="tests/test_gc_graph.py" line="189" name="test_add_connection[7]" time="0.008"></testcase><testcase classname="tests.test_gc_graph" file="tests/test_gc_graph.py" line="189" name="test_add_connection[8]" time="0.003"></testcase><testcase classname="tests.test_gc_graph" file="tests/test_gc_graph.py" line="189" name="test_add_connection[9]" time="0.003"></testcase><testcase classname="tests.test_gc_graph" file="tests/test_gc_graph.py" line="189" name="test_add_connection[10]" time="0.003"></testcase><testcase classname="tests.test_gc_graph" file="tests/test_gc_graph.py" line="189" name="test_add_connection[11]" time="0.006"></testcase><testcase classname="tests.test_gc_graph" file="tests/test_gc_graph.py" line="189" name="test_add_connection[12]" time="0.004"></testcase><testcase classname="tests.test_gc_graph" file="tests/test_gc_graph.py" line="189" name="test_add_connection[13]" time="0.003"></testcase><testcase classname="tests.test_gc_graph" file="tests/test_gc_graph.py" line="189" name="test_add_connection[14]" time="0.005"></testcase><testcase classname="tests.test_gc_graph" file="tests/test_gc_graph.py" line="189" name="test_add_connection[15]" time="0.002"></testcase><testcase classname="tests.test_gc_graph" file="tests/test_gc_graph.py" line="189" name="test_add_connection[16]" time="0.004"></testcase><testcase classname="tests.test_gc_graph" file="tests/test_gc_graph.py" line="189" name="test_add_connection[17]" time="0.002"></testcase><testcase classname="tests.test_gc_graph" file="tests/test_gc_graph.py" line="189" name="test_add_connection[18]" time="0.004"></testcase><testcase classname="tests.test_gc_graph" file="tests/test_gc_graph.py" line="189" name="test_add_connection[19]" time="0.004"></testcase><testcase classname="tests.test_gc_graph" file="tests/test_gc_graph.py" line="189" name="test_add_connection[20]" time="0.003"></testcase><testcase classname="tests.test_gc_graph" file="tests/test_gc_graph.py" line="189" name="test_add_connection[21]" time="0.002"></testcase><testcase classname="tests.test_gc_graph" file="tests/test_gc_graph.py" line="189" name="test_add_connection[22]" time="0.003"></testcase><testcase classname="tests.test_gc_graph" file="tests/test_gc_graph.py" line="189" name="test_add_connection[23]" time="0.002"></testcase><testcase classname="tests.test_gc_graph" file="tests/test_gc_graph.py" line="189" name="test_add_connection[24]" time="0.002"></testcase><testcase classname="tests.test_gc_graph" file="tests/test_gc_graph.py" line="189" name="test_add_connection[25]" time="0.002"></testcase><testcase classname="tests.test_gc_graph" file="tests/test_gc_graph.py" line="189" name="test_add_connection[26]" time="0.002"></testcase><testcase classname="tests.test_gc_graph" file="tests/test_gc_graph.py" line="189" name="test_add_connection[27]" time="0.004"></testcase><testcase classname="tests.test_gc_graph" file="tests/test_gc_graph.py" line="189" name="test_add_connection[28]" time="0.003"></testcase><testcase classname="tests.test_gc_graph" file="tests/test_gc_graph.py" line="189" name="test_add_connection[29]" time="0.006"></testcase><testcase classname="tests.test_gc_graph" file="tests/test_gc_graph.py" line="189" name="test_add_connection[30]" time="0.003"></testcase><testcase classname="tests.test_gc_graph" file="tests/test_gc_graph.py" line="189" name="test_add_connection[31]" time="0.004"></testcase><testcase classname="tests.test_gc_graph" file="tests/test_gc_graph.py" line="189" name="test_add_connection[32]" time="0.003"></testcase><testcase classname="tests.test_gc_graph" file="tests/test_gc_graph.py" line="189" name="test_add_connection[33]" time="0.002"></testcase><testcase classname="tests.test_gc_graph" file="tests/test_gc_graph.py" line="189" name="test_add_connection[34]" time="0.002"></testcase><testcase classname="tests.test_gc_graph" file="tests/test_gc_graph.py" line="189" name="test_add_connection[35]" time="0.005"></testcase><testcase classname="tests.test_gc_graph" file="tests/test_gc_graph.py" line="189" name="test_add_connection[36]" time="0.005"></testcase><testcase classname="tests.test_gc_graph" file="tests/test_gc_graph.py" line="189" name="test_add_connection[37]" time="0.004"></testcase><testcase classname="tests.test_gc_graph" file="tests/test_gc_graph.py" line="189" name="test_add_connection[38]" time="0.002"></testcase><testcase classname="tests.test_gc_graph" file="tests/test_gc_graph.py" line="189" name="test_add_connection[39]" time="0.003"></testcase><testcase classname="tests.test_gc_graph" file="tests/test_gc_graph.py" line="189" name="test_add_connection[40]" time="0.004"></testcase><testcase classname="tests.test_gc_graph" file="tests/test_gc_graph.py" line="189" name="test_add_connection[41]" time="0.004"></testcase><testcase classname="tests.test_gc_graph" file="tests/test_gc_graph.py" line="189" name="test_add_connection[42]" time="0.004"></testcase><testcase classname="tests.test_gc_graph" file="tests/test_gc_graph.py" line="189" name="test_add_connection[43]" time="0.003"></testcase><testcase classname="tests.test_gc_graph" file="tests/test_gc_graph.py" line="189" name="test_add_connection[44]" time="0.002"></testcase><testcase classname="tests.test_gc_graph" file="tests/test_gc_graph.py" line="189" name="test_add_connection[45]" time="0.004"></testcase><testcase classname="tests.test_gc_graph" file="tests/test_gc_graph.py" line="189" name="test_add_connection[46]" time="0.004"></testcase><testcase classname="tests.test_gc_graph" file="tests/test_gc_graph.py" line="189" name="test_add_connection[47]" time="0.002"></testcase><testcase classname="tests.test_gc_graph" file="tests/test_gc_graph.py" line="189" name="test_add_connection[48]" time="0.003"></testcase><testcase classname="tests.test_gc_graph" file="tests/test_gc_graph.py" line="189" name="test_add_connection[49]" time="0.003"></testcase><testcase classname="tests.test_gc_graph" file="tests/test_gc_graph.py" line="189" name="test_add_connection[50]" time="0.002"></testcase><testcase classname="tests.test_gc_graph" file="tests/test_gc_graph.py" line="189" name="test_add_connection[51]" time="0.003"></testcase><testcase classname="tests.test_gc_graph" file="tests/test_gc_graph.py" line="189" name="test_add_connection[52]" time="0.003"></testcase><testcase classname="tests.test_gc_graph" file="tests/test_gc_graph.py" line="189" name="test_add_connection[53]" time="0.005"></testcase><testcase classname="tests.test_gc_graph" file="tests/test_gc_graph.py" line="189" name="test_add_connection[54]" time="0.003"></testcase><testcase classname="tests.test_gc_graph" file="tests/test_gc_graph.py" line="189" name="test_add_connection[55]" time="0.003"></testcase><testcase classname="tests.test_gc_graph" file="tests/test_gc_graph.py" line="189" name="test_add_connection[56]" time="0.004"></testcase><testcase classname="tests.test_gc_graph" file="tests/test_gc_graph.py" line="189" name="test_add_connection[57]" time="0.003"></testcase><testcase classname="tests.test_gc_graph" file="tests/test_gc_graph.py" line="189" name="test_add_connection[58]" time="0.005"></testcase><testcase classname="tests.test_gc_graph" file="tests/test_gc_graph.py" line="189" name="test_add_connection[59]" time="0.003"></testcase><testcase classname="tests.test_gc_graph" file="tests/test_gc_graph.py" line="189" name="test_add_connection[60]" time="0.002"></testcase><testcase classname="tests.test_gc_graph" file="tests/test_gc_graph.py" line="189" name="test_add_connection[61]" time="0.004"></testcase><testcase classname="tests.test_gc_graph" file="tests/test_gc_graph.py" line="189" name="test_add_connection[62]" time="0.004"></testcase><testcase classname="tests.test_gc_graph" file="tests/test_gc_graph.py" line="189" name="test_add_connection[63]" time="0.002"></testcase><testcase classname="tests.test_gc_graph" file="tests/test_gc_graph.py" line="189" name="test_add_connection[64]" time="0.005"></testcase><testcase classname="tests.test_gc_graph" file="tests/test_gc_graph.py" line="189" name="test_add_connection[65]" time="0.003"></testcase><testcase classname="tests.test_gc_graph" file="tests/test_gc_graph.py" line="189" name="test_add_connection[66]" time="0.002"></testcase><testcase classname="tests.test_gc_graph" file="tests/test_gc_graph.py" line="189" name="test_add_connection[67]" time="0.004"></testcase><testcase classname="tests.test_gc_graph" file="tests/test_gc_graph.py" line="189" name="test_add_connection[68]" time="0.003"></testcase><testcase classname="tests.test_gc_graph" file="tests/test_gc_graph.py" line="189" name="test_add_connection[69]" time="0.002"></testcase><testcase classname="tests.test_gc_graph" file="tests/test_gc_graph.py" line="189" name="test_add_connection[70]" time="0.002"></testcase><testcase classname="tests.test_gc_graph" file="tests/test_gc_graph.py" line="189" name="test_add_connection[71]" time="0.004"></testcase><testcase classname="tests.test_gc_graph" file="tests/test_gc_graph.py" line="189" name="test_add_connection[72]" time="0.005"></testcase><testcase classname="tests.test_gc_graph" file="tests/test_gc_graph.py" line="189" name="test_add_connection[73]" time="0.003"></testcase><testcase classname="tests.test_gc_graph" file="tests/test_gc_graph.py" line="189" name="test_add_connection[74]" time="0.003"></testcase><testcase classname="tests.test_gc_graph" file="tests/test_gc_graph.py" line="189" name="test_add_connection[75]" time="0.002"></testcase><testcase classname="tests.test_gc_graph" file="tests/test_gc_graph.py" line="189" name="test_add_connection[76]" time="0.003"></testcase><testcase classname="tests.test_gc_graph" file="tests/test_gc_graph.py" line="189" name="test_add_connection[77]" time="0.003"></testcase><testcase classname="tests.test_gc_graph" file="tests/test_gc_graph.py" line="189" name="test_add_connection[78]" time="0.003"></testcase><testcase classname="tests.test_gc_graph" file="tests/test_gc_graph.py" line="189" name="test_add_connection[79]" time="0.004"></testcase><testcase classname="tests.test_gc_graph" file="tests/test_gc_graph.py" line="189" name="test_add_connection[80]" time="0.004"></testcase><testcase classname="tests.test_gc_graph" file="tests/test_gc_graph.py" line="189" name="test_add_connection[81]" time="0.003"></testcase><testcase classname="tests.test_gc_graph" file="tests/test_gc_graph.py" line="189" name="test_add_connection[82]" time="0.004"></testcase><testcase classname="tests.test_gc_graph" file="tests/test_gc_graph.py" line="189" name="test_add_connection[83]" time="0.003"></testcase><testcase classname="tests.test_gc_graph" file="tests/test_gc_graph.py" line="189" name="test_add_connection[84]" time="0.003"></testcase><testcase classname="tests.test_gc_graph" file="tests/test_gc_graph.py" line="189" name="test_add_connection[85]" time="0.006"></testcase><testcase classname="tests.test_gc_graph" file="tests/test_gc_graph.py" line="189" name="test_add_connection[86]" time="0.003"></testcase><testcase classname="tests.test_gc_graph" file="tests/test_gc_graph.py" line="189" name="test_add_connection[87]" time="0.006"></testcase><testcase classname="tests.test_gc_graph" file="tests/test_gc_graph.py" line="189" name="test_add_connection[88]" time="0.002"></testcase><testcase classname="tests.test_gc_graph" file="tests/test_gc_graph.py" line="189" name="test_add_connection[89]" time="0.003"></testcase><testcase classname="tests.test_gc_graph" file="tests/test_gc_graph.py" line="189" name="test_add_connection[90]" time="0.007"></testcase><testcase classname="tests.test_gc_graph" file="tests/test_gc_graph.py" line="189" name="test_add_connection[91]" time="0.003"></testcase><testcase classname="tests.test_gc_graph" file="tests/test_gc_graph.py" line="189" name="test_add_connection[92]" time="0.003"></testcase><testcase classname="tests.test_gc_graph" file="tests/test_gc_graph.py" line="189" name="test_add_connection[93]" time="0.002"></testcase><testcase classname="tests.test_gc_graph" file="tests/test_gc_graph.py" line="189" name="test_add_connection[94]" time="0.002"></testcase><testcase classname="tests.test_gc_graph" file="tests/test_gc_graph.py" line="189" name="test_add_connection[95]" time="0.003"></testcase><testcase classname="tests.test_gc_graph" file="tests/test_gc_graph.py" line="189" name="test_add_connection[96]" time="0.002"></testcase><testcase classname="tests.test_gc_graph" file="tests/test_gc_graph.py" line="189" name="test_add_connection[97]" time="0.003"></testcase><testcase classname="tests.test_gc_graph" file="tests/test_gc_graph.py" line="189" name="test_add_connection[98]" time="0.002"></testcase><testcase classname="tests.test_gc_graph" file="tests/test_gc_graph.py" line="189" name="test_add_connection[99]" time="0.003"></testcase><testcase classname="tests.test_gc_graph" file="tests/test_gc_graph.py" line="206" name="test_stack_simple[0]" time="0.004"></testcase><testcase classname="tests.test_gc_graph" file="tests/test_gc_graph.py" line="206" name="test_stack_simple[1]" time="0.002"></testcase><testcase classname="tests.test_gc_graph" file="tests/test_gc_graph.py" line="206" name="test_stack_simple[2]" time="0.003"></testcase><testcase classname="tests.test_gc_graph" file="tests/test_gc_graph.py" line="206" name="test_stack_simple[3]" time="0.005"></testcase><testcase classname="tests.test_gc_graph" file="tests/test_gc_graph.py" line="206" name="test_stack_simple[4]" time="0.005"></testcase><testcase classname="tests.test_gc_graph" file="tests/test_gc_graph.py" line="206" name="test_stack_simple[5]" time="0.002"></testcase><testcase classname="tests.test_gc_graph" file="tests/test_gc_graph.py" line="206" name="test_stack_simple[6]" time="0.006"></testcase><testcase classname="tests.test_gc_graph" file="tests/test_gc_graph.py" line="206" name="test_stack_simple[7]" time="0.004"></testcase><testcase classname="tests.test_gc_graph" file="tests/test_gc_graph.py" line="206" name="test_stack_simple[8]" time="0.004"></testcase><testcase classname="tests.test_gc_graph" file="tests/test_gc_graph.py" line="206" name="test_stack_simple[9]" time="0.006"></testcase><testcase classname="tests.test_gc_graph" file="tests/test_gc_graph.py" line="206" name="test_stack_simple[10]" time="0.003"></testcase><testcase classname="tests.test_gc_graph" file="tests/test_gc_graph.py" line="206" name="test_stack_simple[11]" time="0.006"></testcase><testcase classname="tests.test_gc_graph" file="tests/test_gc_graph.py" line="206" name="test_stack_simple[12]" time="0.005"></testcase><testcase classname="tests.test_gc_graph" file="tests/test_gc_graph.py" line="206" name="test_stack_simple[13]" time="0.005"></testcase><testcase classname="tests.test_gc_graph" file="tests/test_gc_graph.py" line="206" name="test_stack_simple[14]" time="0.003"></testcase><testcase classname="tests.test_gc_graph" file="tests/test_gc_graph.py" line="206" name="test_stack_simple[15]" time="0.005"></testcase><testcase classname="tests.test_gc_graph" file="tests/test_gc_graph.py" line="206" name="test_stack_simple[16]" time="0.004"></testcase><testcase classname="tests.test_gc_graph" file="tests/test_gc_graph.py" line="206" name="test_stack_simple[17]" time="0.005"></testcase><testcase classname="tests.test_gc_graph" file="tests/test_gc_graph.py" line="206" name="test_stack_simple[18]" time="0.003"></testcase><testcase classname="tests.test_gc_graph" file="tests/test_gc_graph.py" line="206" name="test_stack_simple[19]" time="0.007"></testcase><testcase classname="tests.test_gc_graph" file="tests/test_gc_graph.py" line="206" name="test_stack_simple[20]" time="0.003"></testcase><testcase classname="tests.test_gc_graph" file="tests/test_gc_graph.py" line="206" name="test_stack_simple[21]" time="0.006"></testcase><testcase classname="tests.test_gc_graph" file="tests/test_gc_graph.py" line="206" name="test_stack_simple[22]" time="0.006"></testcase><testcase classname="tests.test_gc_graph" file="tests/test_gc_graph.py" line="206" name="test_stack_simple[23]" time="0.003"></testcase><testcase classname="tests.test_gc_graph" file="tests/test_gc_graph.py" line="206" name="test_stack_simple[24]" time="0.005"></testcase><testcase classname="tests.test_gc_graph" file="tests/test_gc_graph.py" line="206" name="test_stack_simple[25]" time="0.006"></testcase><testcase classname="tests.test_gc_graph" file="tests/test_gc_graph.py" line="206" name="test_stack_simple[26]" time="0.004"></testcase><testcase classname="tests.test_gc_graph" file="tests/test_gc_graph.py" line="206" name="test_stack_simple[27]" time="0.004"></testcase><testcase classname="tests.test_gc_graph" file="tests/test_gc_graph.py" line="206" name="test_stack_simple[28]" time="0.004"></testcase><testcase classname="tests.test_gc_graph" file="tests/test_gc_graph.py" line="206" name="test_stack_simple[29]" time="0.005"></testcase><testcase classname="tests.test_gc_graph" file="tests/test_gc_graph.py" line="206" name="test_stack_simple[30]" time="0.003"></testcase><testcase classname="tests.test_gc_graph" file="tests/test_gc_graph.py" line="206" name="test_stack_simple[31]" time="0.005"></testcase><testcase classname="tests.test_gc_graph" file="tests/test_gc_graph.py" line="206" name="test_stack_simple[32]" time="0.014"></testcase><testcase classname="tests.test_gc_graph" file="tests/test_gc_graph.py" line="206" name="test_stack_simple[33]" time="0.003"></testcase><testcase classname="tests.test_gc_graph" file="tests/test_gc_graph.py" line="206" name="test_stack_simple[34]" time="0.005"></testcase><testcase classname="tests.test_gc_graph" file="tests/test_gc_graph.py" line="206" name="test_stack_simple[35]" time="0.005"></testcase><testcase classname="tests.test_gc_graph" file="tests/test_gc_graph.py" line="206" name="test_stack_simple[36]" time="0.005"></testcase><testcase classname="tests.test_gc_graph" file="tests/test_gc_graph.py" line="206" name="test_stack_simple[37]" time="0.004"></testcase><testcase classname="tests.test_gc_graph" file="tests/test_gc_graph.py" line="206" name="test_stack_simple[38]" time="0.005"></testcase><testcase classname="tests.test_gc_graph" file="tests/test_gc_graph.py" line="206" name="test_stack_simple[39]" time="0.003"></testcase><testcase classname="tests.test_gc_graph" file="tests/test_gc_graph.py" line="206" name="test_stack_simple[40]" time="0.006"></testcase><testcase classname="tests.test_gc_graph" file="tests/test_gc_graph.py" line="206" name="test_stack_simple[41]" time="0.004"></testcase><testcase classname="tests.test_gc_graph" file="tests/test_gc_graph.py" line="206" name="test_stack_simple[42]" time="0.004"></testcase><testcase classname="tests.test_gc_graph" file="tests/test_gc_graph.py" line="206" name="test_stack_simple[43]" time="0.009"></testcase><testcase classname="tests.test_gc_graph" file="tests/test_gc_graph.py" line="206" name="test_stack_simple[44]" time="0.008"></testcase><testcase classname="tests.test_gc_graph" file="tests/test_gc_graph.py" line="206" name="test_stack_simple[45]" time="0.007"></testcase><testcase classname="tests.test_gc_graph" file="tests/test_gc_graph.py" line="206" name="test_stack_simple[46]" time="0.004"></testcase><testcase classname="tests.test_gc_graph" file="tests/test_gc_graph.py" line="206" name="test_stack_simple[47]" time="0.003"></testcase><testcase classname="tests.test_gc_graph" file="tests/test_gc_graph.py" line="206" name="test_stack_simple[48]" time="0.005"></testcase><testcase classname="tests.test_gc_graph" file="tests/test_gc_graph.py" line="206" name="test_stack_simple[49]" time="0.005"></testcase><testcase classname="tests.test_gc_graph" file="tests/test_gc_graph.py" line="206" name="test_stack_simple[50]" time="0.004"></testcase><testcase classname="tests.test_gc_graph" file="tests/test_gc_graph.py" line="206" name="test_stack_simple[51]" time="0.003"></testcase><testcase classname="tests.test_gc_graph" file="tests/test_gc_graph.py" line="206" name="test_stack_simple[52]" time="0.004"></testcase><testcase classname="tests.test_gc_graph" file="tests/test_gc_graph.py" line="206" name="test_stack_simple[53]" time="0.004"></testcase><testcase classname="tests.test_gc_graph" file="tests/test_gc_graph.py" line="206" name="test_stack_simple[54]" time="0.003"></testcase><testcase classname="tests.test_gc_graph" file="tests/test_gc_graph.py" line="206" name="test_stack_simple[55]" time="0.006"></testcase><testcase classname="tests.test_gc_graph" file="tests/test_gc_graph.py" line="206" name="test_stack_simple[56]" time="0.006"></testcase><testcase classname="tests.test_gc_graph" file="tests/test_gc_graph.py" line="206" name="test_stack_simple[57]" time="0.002"></testcase><testcase classname="tests.test_gc_graph" file="tests/test_gc_graph.py" line="206" name="test_stack_simple[58]" time="0.008"></testcase><testcase classname="tests.test_gc_graph" file="tests/test_gc_graph.py" line="206" name="test_stack_simple[59]" time="0.008"></testcase><testcase classname="tests.test_gc_graph" file="tests/test_gc_graph.py" line="206" name="test_stack_simple[60]" time="0.004"></testcase><testcase classname="tests.test_gc_graph" file="tests/test_gc_graph.py" line="206" name="test_stack_simple[61]" time="0.005"></testcase><testcase classname="tests.test_gc_graph" file="tests/test_gc_graph.py" line="206" name="test_stack_simple[62]" time="0.006"></testcase><testcase classname="tests.test_gc_graph" file="tests/test_gc_graph.py" line="206" name="test_stack_simple[63]" time="0.004"></testcase><testcase classname="tests.test_gc_graph" file="tests/test_gc_graph.py" line="206" name="test_stack_simple[64]" time="0.005"></testcase><testcase classname="tests.test_gc_graph" file="tests/test_gc_graph.py" line="206" name="test_stack_simple[65]" time="0.003"></testcase><testcase classname="tests.test_gc_graph" file="tests/test_gc_graph.py" line="206" name="test_stack_simple[66]" time="0.005"></testcase><testcase classname="tests.test_gc_graph" file="tests/test_gc_graph.py" line="206" name="test_stack_simple[67]" time="0.004"></testcase><testcase classname="tests.test_gc_graph" file="tests/test_gc_graph.py" line="206" name="test_stack_simple[68]" time="0.005"></testcase><testcase classname="tests.test_gc_graph" file="tests/test_gc_graph.py" line="206" name="test_stack_simple[69]" time="0.004"></testcase><testcase classname="tests.test_gc_graph" file="tests/test_gc_graph.py" line="206" name="test_stack_simple[70]" time="0.004"></testcase><testcase classname="tests.test_gc_graph" file="tests/test_gc_graph.py" line="206" name="test_stack_simple[71]" time="0.005"></testcase><testcase classname="tests.test_gc_graph" file="tests/test_gc_graph.py" line="206" name="test_stack_simple[72]" time="0.005"></testcase><testcase classname="tests.test_gc_graph" file="tests/test_gc_graph.py" line="206" name="test_stack_simple[73]" time="0.007"></testcase><testcase classname="tests.test_gc_graph" file="tests/test_gc_graph.py" line="206" name="test_stack_simple[74]" time="0.005"></testcase><testcase classname="tests.test_gc_graph" file="tests/test_gc_graph.py" line="206" name="test_stack_simple[75]" time="0.003"></testcase><testcase classname="tests.test_gc_graph" file="tests/test_gc_graph.py" line="206" name="test_stack_simple[76]" time="0.004"></testcase><testcase classname="tests.test_gc_graph" file="tests/test_gc_graph.py" line="206" name="test_stack_simple[77]" time="0.049"></testcase><testcase classname="tests.test_gc_graph" file="tests/test_gc_graph.py" line="206" name="test_stack_simple[78]" time="0.004"></testcase><testcase classname="tests.test_gc_graph" file="tests/test_gc_graph.py" line="206" name="test_stack_simple[79]" time="0.004"></testcase><testcase classname="tests.test_gc_graph" file="tests/test_gc_graph.py" line="206" name="test_stack_simple[80]" time="0.003"></testcase><testcase classname="tests.test_gc_graph" file="tests/test_gc_graph.py" line="206" name="test_stack_simple[81]" time="0.003"></testcase><testcase classname="tests.test_gc_graph" file="tests/test_gc_graph.py" line="206" name="test_stack_simple[82]" time="0.005"></testcase><testcase classname="tests.test_gc_graph" file="tests/test_gc_graph.py" line="206" name="test_stack_simple[83]" time="0.004"></testcase><testcase classname="tests.test_gc_graph" file="tests/test_gc_graph.py" line="206" name="test_stack_simple[84]" time="0.004"></testcase><testcase classname="tests.test_gc_graph" file="tests/test_gc_graph.py" line="206" name="test_stack_simple[85]" time="0.003"></testcase><testcase classname="tests.test_gc_graph" file="tests/test_gc_graph.py" line="206" name="test_stack_simple[86]" time="0.006"></testcase><testcase classname="tests.test_gc_graph" file="tests/test_gc_graph.py" line="206" name="test_stack_simple[87]" time="0.003"></testcase><testcase classname="tests.test_gc_graph" file="tests/test_gc_graph.py" line="206" name="test_stack_simple[88]" time="0.004"></testcase><testcase classname="tests.test_gc_graph" file="tests/test_gc_graph.py" line="206" name="test_stack_simple[89]" time="0.006"></testcase><testcase classname="tests.test_gc_graph" file="tests/test_gc_graph.py" line="206" name="test_stack_simple[90]" time="0.005"></testcase><testcase classname="tests.test_gc_graph" file="tests/test_gc_graph.py" line="206" name="test_stack_simple[91]" time="0.005"></testcase><testcase classname="tests.test_gc_graph" file="tests/test_gc_graph.py" line="206" name="test_stack_simple[92]" time="0.003"></testcase><testcase classname="tests.test_gc_graph" file="tests/test_gc_graph.py" line="206" name="test_stack_simple[93]" time="0.003"></testcase><testcase classname="tests.test_gc_graph" file="tests/test_gc_graph.py" line="206" name="test_stack_simple[94]" time="0.005"></testcase><testcase classname="tests.test_gc_graph" file="tests/test_gc_graph.py" line="206" name="test_stack_simple[95]" time="0.004"></testcase><testcase classname="tests.test_gc_graph" file="tests/test_gc_graph.py" line="206" name="test_stack_simple[96]" time="0.005"></testcase><testcase classname="tests.test_gc_graph" file="tests/test_gc_graph.py" line="206" name="test_stack_simple[97]" time="0.006"></testcase><testcase classname="tests.test_gc_graph" file="tests/test_gc_graph.py" line="206" name="test_stack_simple[98]" time="0.004"></testcase><testcase classname="tests.test_gc_graph" file="tests/test_gc_graph.py" line="206" name="test_stack_simple[99]" time="0.004"></testcase><testcase classname="tests.test_gc_graph" file="tests/test_gc_graph.py" line="237" name="test_stack[0]" time="0.012"></testcase><testcase classname="tests.test_gc_graph" file="tests/test_gc_graph.py" line="237" name="test_stack[1]" time="0.011"></testcase><testcase classname="tests.test_gc_graph" file="tests/test_gc_graph.py" line="237" name="test_stack[2]" time="0.011"></testcase><testcase classname="tests.test_gc_graph" file="tests/test_gc_graph.py" line="237" name="test_stack[3]" time="0.008"></testcase><testcase classname="tests.test_gc_graph" file="tests/test_gc_graph.py" line="237" name="test_stack[4]" time="0.003"></testcase><testcase classname="tests.test_gc_graph" file="tests/test_gc_graph.py" line="237" name="test_stack[5]" time="0.007"></testcase><testcase classname="tests.test_gc_graph" file="tests/test_gc_graph.py" line="237" name="test_stack[6]" time="0.012"></testcase><testcase classname="tests.test_gc_graph" file="tests/test_gc_graph.py" line="237" name="test_stack[7]" time="0.011"></testcase><testcase classname="tests.test_gc_graph" file="tests/test_gc_graph.py" line="237" name="test_stack[8]" time="0.005"></testcase><testcase classname="tests.test_gc_graph" file="tests/test_gc_graph.py" line="237" name="test_stack[9]" time="0.006"></testcase><testcase classname="tests.test_gc_graph" file="tests/test_gc_graph.py" line="237" name="test_stack[10]" time="0.009"></testcase><testcase classname="tests.test_gc_graph" file="tests/test_gc_graph.py" line="237" name="test_stack[11]" time="0.005"></testcase><testcase classname="tests.test_gc_graph" file="tests/test_gc_graph.py" line="237" name="test_stack[12]" time="0.007"></testcase><testcase classname="tests.test_gc_graph" file="tests/test_gc_graph.py" line="237" name="test_stack[13]" time="0.011"></testcase><testcase classname="tests.test_gc_graph" file="tests/test_gc_graph.py" line="237" name="test_stack[14]" time="0.011"></testcase><testcase classname="tests.test_gc_graph" file="tests/test_gc_graph.py" line="237" name="test_stack[15]" time="0.005"></testcase><testcase classname="tests.test_gc_graph" file="tests/test_gc_graph.py" line="237" name="test_stack[16]" time="0.015"></testcase><testcase classname="tests.test_gc_graph" file="tests/test_gc_graph.py" line="237" name="test_stack[17]" time="0.014"></testcase><testcase classname="tests.test_gc_graph" file="tests/test_gc_graph.py" line="237" name="test_stack[18]" time="0.007"></testcase><testcase classname="tests.test_gc_graph" file="tests/test_gc_graph.py" line="237" name="test_stack[19]" time="0.004"></testcase><testcase classname="tests.test_gc_graph" file="tests/test_gc_graph.py" line="237" name="test_stack[20]" time="0.004"></testcase><testcase classname="tests.test_gc_graph" file="tests/test_gc_graph.py" line="237" name="test_stack[21]" time="0.020"></testcase><testcase classname="tests.test_gc_graph" file="tests/test_gc_graph.py" line="237" name="test_stack[22]" time="0.011"></testcase><testcase classname="tests.test_gc_graph" file="tests/test_gc_graph.py" line="237" name="test_stack[23]" time="0.003"></testcase><testcase classname="tests.test_gc_graph" file="tests/test_gc_graph.py" line="237" name="test_stack[24]" time="0.010"></testcase><testcase classname="tests.test_gc_graph" file="tests/test_gc_graph.py" line="237" name="test_stack[25]" time="0.015"></testcase><testcase classname="tests.test_gc_graph" file="tests/test_gc_graph.py" line="237" name="test_stack[26]" time="0.005"></testcase><testcase classname="tests.test_gc_graph" file="tests/test_gc_graph.py" line="237" name="test_stack[27]" time="0.010"></testcase><testcase classname="tests.test_gc_graph" file="tests/test_gc_graph.py" line="237" name="test_stack[28]" time="0.010"></testcase><testcase classname="tests.test_gc_graph" file="tests/test_gc_graph.py" line="237" name="test_stack[29]" time="0.004"></testcase><testcase classname="tests.test_gc_graph" file="tests/test_gc_graph.py" line="237" name="test_stack[30]" time="0.005"></testcase><testcase classname="tests.test_gc_graph" file="tests/test_gc_graph.py" line="237" name="test_stack[31]" time="0.013"></testcase><testcase classname="tests.test_gc_graph" file="tests/test_gc_graph.py" line="237" name="test_stack[32]" time="0.014"></testcase><testcase classname="tests.test_gc_graph" file="tests/test_gc_graph.py" line="237" name="test_stack[33]" time="0.003"></testcase><testcase classname="tests.test_gc_graph" file="tests/test_gc_graph.py" line="237" name="test_stack[34]" time="0.009"></testcase><testcase classname="tests.test_gc_graph" file="tests/test_gc_graph.py" line="237" name="test_stack[35]" time="0.011"></testcase><testcase classname="tests.test_gc_graph" file="tests/test_gc_graph.py" line="237" name="test_stack[36]" time="0.024"></testcase><testcase classname="tests.test_gc_graph" file="tests/test_gc_graph.py" line="237" name="test_stack[37]" time="0.013"></testcase><testcase classname="tests.test_gc_graph" file="tests/test_gc_graph.py" line="237" name="test_stack[38]" time="0.005"></testcase><testcase classname="tests.test_gc_graph" file="tests/test_gc_graph.py" line="237" name="test_stack[39]" time="0.017"></testcase><testcase classname="tests.test_gc_graph" file="tests/test_gc_graph.py" line="237" name="test_stack[40]" time="0.010"></testcase><testcase classname="tests.test_gc_graph" file="tests/test_gc_graph.py" line="237" name="test_stack[41]" time="0.008"></testcase><testcase classname="tests.test_gc_graph" file="tests/test_gc_graph.py" line="237" name="test_stack[42]" time="0.008"></testcase><testcase classname="tests.test_gc_graph" file="tests/test_gc_graph.py" line="237" name="test_stack[43]" time="0.005"></testcase><testcase classname="tests.test_gc_graph" file="tests/test_gc_graph.py" line="237" name="test_stack[44]" time="0.007"></testcase><testcase classname="tests.test_gc_graph" file="tests/test_gc_graph.py" line="237" name="test_stack[45]" time="0.030"></testcase><testcase classname="tests.test_gc_graph" file="tests/test_gc_graph.py" line="237" name="test_stack[46]" time="0.010"></testcase><testcase classname="tests.test_gc_graph" file="tests/test_gc_graph.py" line="237" name="test_stack[47]" time="0.006"></testcase><testcase classname="tests.test_gc_graph" file="tests/test_gc_graph.py" line="237" name="test_stack[48]" time="0.008"></testcase><testcase classname="tests.test_gc_graph" file="tests/test_gc_graph.py" line="237" name="test_stack[49]" time="0.005"></testcase><testcase classname="tests.test_gc_graph" file="tests/test_gc_graph.py" line="237" name="test_stack[50]" time="0.005"></testcase><testcase classname="tests.test_gc_graph" file="tests/test_gc_graph.py" line="237" name="test_stack[51]" time="0.007"></testcase><testcase classname="tests.test_gc_graph" file="tests/test_gc_graph.py" line="237" name="test_stack[52]" time="0.006"></testcase><testcase classname="tests.test_gc_graph" file="tests/test_gc_graph.py" line="237" name="test_stack[53]" time="0.010"></testcase><testcase classname="tests.test_gc_graph" file="tests/test_gc_graph.py" line="237" name="test_stack[54]" time="0.026"></testcase><testcase classname="tests.test_gc_graph" file="tests/test_gc_graph.py" line="237" name="test_stack[55]" time="0.005"></testcase><testcase classname="tests.test_gc_graph" file="tests/test_gc_graph.py" line="237" name="test_stack[56]" time="0.006"></testcase><testcase classname="tests.test_gc_graph" file="tests/test_gc_graph.py" line="237" name="test_stack[57]" time="0.006"></testcase><testcase classname="tests.test_gc_graph" file="tests/test_gc_graph.py" line="237" name="test_stack[58]" time="0.003"></testcase><testcase classname="tests.test_gc_graph" file="tests/test_gc_graph.py" line="237" name="test_stack[59]" time="0.015"></testcase><testcase classname="tests.test_gc_graph" file="tests/test_gc_graph.py" line="237" name="test_stack[60]" time="0.008"></testcase><testcase classname="tests.test_gc_graph" file="tests/test_gc_graph.py" line="237" name="test_stack[61]" time="0.003"></testcase><testcase classname="tests.test_gc_graph" file="tests/test_gc_graph.py" line="237" name="test_stack[62]" time="0.004"></testcase><testcase classname="tests.test_gc_graph" file="tests/test_gc_graph.py" line="237" name="test_stack[63]" time="0.004"></testcase><testcase classname="tests.test_gc_graph" file="tests/test_gc_graph.py" line="237" name="test_stack[64]" time="0.010"></testcase><testcase classname="tests.test_gc_graph" file="tests/test_gc_graph.py" line="237" name="test_stack[65]" time="0.004"></testcase><testcase classname="tests.test_gc_graph" file="tests/test_gc_graph.py" line="237" name="test_stack[66]" time="0.012"></testcase><testcase classname="tests.test_gc_graph" file="tests/test_gc_graph.py" line="237" name="test_stack[67]" time="0.026"></testcase><testcase classname="tests.test_gc_graph" file="tests/test_gc_graph.py" line="237" name="test_stack[68]" time="0.012"></testcase><testcase classname="tests.test_gc_graph" file="tests/test_gc_graph.py" line="237" name="test_stack[69]" time="0.006"></testcase><testcase classname="tests.test_gc_graph" file="tests/test_gc_graph.py" line="237" name="test_stack[70]" time="0.021"></testcase><testcase classname="tests.test_gc_graph" file="tests/test_gc_graph.py" line="237" name="test_stack[71]" time="0.013"></testcase><testcase classname="tests.test_gc_graph" file="tests/test_gc_graph.py" line="237" name="test_stack[72]" time="0.007"></testcase><testcase classname="tests.test_gc_graph" file="tests/test_gc_graph.py" line="237" name="test_stack[73]" time="0.007"></testcase><testcase classname="tests.test_gc_graph" file="tests/test_gc_graph.py" line="237" name="test_stack[74]" time="0.005"></testcase><testcase classname="tests.test_gc_graph" file="tests/test_gc_graph.py" line="237" name="test_stack[75]" time="0.011"></testcase><testcase classname="tests.test_gc_graph" file="tests/test_gc_graph.py" line="237" name="test_stack[76]" time="0.009"></testcase><testcase classname="tests.test_gc_graph" file="tests/test_gc_graph.py" line="237" name="test_stack[77]" time="0.020"></testcase><testcase classname="tests.test_gc_graph" file="tests/test_gc_graph.py" line="237" name="test_stack[78]" time="0.007"></testcase><testcase classname="tests.test_gc_graph" file="tests/test_gc_graph.py" line="237" name="test_stack[79]" time="0.004"></testcase><testcase classname="tests.test_gc_graph" file="tests/test_gc_graph.py" line="237" name="test_stack[80]" time="0.008"></testcase><testcase classname="tests.test_gc_graph" file="tests/test_gc_graph.py" line="237" name="test_stack[81]" time="0.004"></testcase><testcase classname="tests.test_gc_graph" file="tests/test_gc_graph.py" line="237" name="test_stack[82]" time="0.012"></testcase><testcase classname="tests.test_gc_graph" file="tests/test_gc_graph.py" line="237" name="test_stack[83]" time="0.011"></testcase><testcase classname="tests.test_gc_graph" file="tests/test_gc_graph.py" line="237" name="test_stack[84]" time="0.016"></testcase><testcase classname="tests.test_gc_graph" file="tests/test_gc_graph.py" line="237" name="test_stack[85]" time="0.003"></testcase><testcase classname="tests.test_gc_graph" file="tests/test_gc_graph.py" line="237" name="test_stack[86]" time="0.018"></testcase><testcase classname="tests.test_gc_graph" file="tests/test_gc_graph.py" line="237" name="test_stack[87]" time="0.012"></testcase><testcase classname="tests.test_gc_graph" file="tests/test_gc_graph.py" line="237" name="test_stack[88]" time="0.007"></testcase><testcase classname="tests.test_gc_graph" file="tests/test_gc_graph.py" line="237" name="test_stack[89]" time="0.004"></testcase><testcase classname="tests.test_gc_graph" file="tests/test_gc_graph.py" line="237" name="test_stack[90]" time="0.007"></testcase><testcase classname="tests.test_gc_graph" file="tests/test_gc_graph.py" line="237" name="test_stack[91]" time="0.007"></testcase><testcase classname="tests.test_gc_graph" file="tests/test_gc_graph.py" line="237" name="test_stack[92]" time="0.006"></testcase><testcase classname="tests.test_gc_graph" file="tests/test_gc_graph.py" line="237" name="test_stack[93]" time="0.016"></testcase><testcase classname="tests.test_gc_graph" file="tests/test_gc_graph.py" line="237" name="test_stack[94]" time="0.010"></testcase><testcase classname="tests.test_gc_graph" file="tests/test_gc_graph.py" line="237" name="test_stack[95]" time="0.006"></testcase><testcase classname="tests.test_gc_graph" file="tests/test_gc_graph.py" line="237" name="test_stack[96]" time="0.009"></testcase><testcase classname="tests.test_gc_graph" file="tests/test_gc_graph.py" line="237" name="test_stack[97]" time="0.006"></testcase><testcase classname="tests.test_gc_graph" file="tests/test_gc_graph.py" line="237" name="test_stack[98]" time="0.007"></testcase><testcase classname="tests.test_gc_graph" file="tests/test_gc_graph.py" line="237" name="test_stack[99]" time="0.008"></testcase><testcase classname="tests.test_gc_type" file="tests/test_gc_type.py" line="7" name="test_instanciate_eGC_n0" time="0.010"></testcase><testcase classname="tests.test_gc_type" file="tests/test_gc_type.py" line="16" name="test_instanciate_mGC_n0" time="0.003"></testcase><testcase classname="tests.test_physics" file="tests/test_physics.py" line="29" name="test_basic_insert_1_simple" time="0.007"></testcase><testcase classname="tests.test_physics" file="tests/test_physics.py" line="48" name="test_basic_insert_2_simple" time="0.006"></testcase><testcase classname="tests.test_physics" file="tests/test_physics.py" line="74" name="test_basic_insert_3_simple" time="0.007"></testcase><testcase classname="tests.test_physics" file="tests/test_physics.py" line="93" name="test_basic_insert_4_simple" time="0.013"></testcase><testcase classname="tests.test_physics" file="tests/test_physics.py" line="123" name="test_basic_insert_5_simple" time="0.007"></testcase><testcase classname="tests.test_physics" file="tests/test_physics.py" line="153" name="test_basic_insert_6_simple" time="0.007"></testcase><testcase classname="tests.test_physics" file="tests/test_physics.py" line="178" name="test_basic_insert_1_stats" time="2.827"></testcase><testcase classname="tests.test_physics" file="tests/test_physics.py" line="201" name="test_basic_insert_2_stats" time="1.273"></testcase><testcase classname="tests.test_physics" file="tests/test_physics.py" line="237" name="test_basic_insert_3_stats" time="2.910"></testcase><testcase classname="tests.test_physics" file="tests/test_physics.py" line="260" name="test_basic_insert_4_stats" time="2.633"></testcase><testcase classname="tests.test_physics" file="tests/test_physics.py" line="298" name="test_basic_insert_5_stats" time="2.635"></testcase><testcase classname="tests.test_physics" file="tests/test_physics.py" line="336" name="test_basic_insert_6_stats" time="1.250"></testcase><testcase classname="tests.test_physics" file="tests/test_physics.py" line="366" name="test_random_homogeneous_insertion" time="4.264"></testcase></testsuite></testsuites>