<?xml version="1.0" encoding="utf-8"?><testsuites><testsuite errors="0" failures="0" hostname="virtualbox" name="pytest" skipped="0" tests="86" time="0.582" timestamp="2021-09-06T15:26:39.943401"><testcase classname="tests.test_ep_type" file="tests/test_ep_type.py" line="12" name="test_validate_type_objects[int-True]" time="0.001"></testcase><testcase classname="tests.test_ep_type" file="tests/test_ep_type.py" line="12" name="test_validate_type_objects[str-True]" time="0.001"></testcase><testcase classname="tests.test_ep_type" file="tests/test_ep_type.py" line="12" name="test_validate_type_objects[object-False]" time="0.001"></testcase><testcase classname="tests.test_ep_type" file="tests/test_ep_type.py" line="12" name="test_validate_type_objects[eGC-True]" time="0.003"></testcase><testcase classname="tests.test_ep_type" file="tests/test_ep_type.py" line="12" name="test_validate_type_objects[mGC-True]" time="0.004"></testcase><testcase classname="tests.test_ep_type" file="tests/test_ep_type.py" line="26" name="test_validate_objects[8-True]" time="0.002"></testcase><testcase classname="tests.test_ep_type" file="tests/test_ep_type.py" line="26" name="test_validate_objects[Test-True]" time="0.001"></testcase><testcase classname="tests.test_ep_type" file="tests/test_ep_type.py" line="26" name="test_validate_objects[obj2-False]" time="0.001"></testcase><testcase classname="tests.test_ep_type" file="tests/test_ep_type.py" line="26" name="test_validate_objects[obj3-True]" time="0.001"></testcase><testcase classname="tests.test_ep_type" file="tests/test_ep_type.py" line="26" name="test_validate_objects[mGC-False]" time="0.001"></testcase><testcase classname="tests.test_ep_type" file="tests/test_ep_type.py" line="26" name="test_validate_objects[obj5-False]" time="0.002"></testcase><testcase classname="tests.test_ep_type" file="tests/test_ep_type.py" line="41" name="test_validate_ep_type_str_instances[8-True]" time="0.002"></testcase><testcase classname="tests.test_ep_type" file="tests/test_ep_type.py" line="41" name="test_validate_ep_type_str_instances[str(8)-True]" time="0.002"></testcase><testcase classname="tests.test_ep_type" file="tests/test_ep_type.py" line="41" name="test_validate_ep_type_str_instances[gc_type_eGC()-True]" time="0.002"></testcase><testcase classname="tests.test_ep_type" file="tests/test_ep_type.py" line="41" name="test_validate_ep_type_str_instances[{}-False]" time="0.001"></testcase><testcase classname="tests.test_ep_type" file="tests/test_ep_type.py" line="54" name="test_validate_ep_type_values[2-True]" time="0.001"></testcase><testcase classname="tests.test_ep_type" file="tests/test_ep_type.py" line="54" name="test_validate_ep_type_values[5-True]" time="0.001"></testcase><testcase classname="tests.test_ep_type" file="tests/test_ep_type.py" line="54" name="test_validate_ep_type_values[-32766-False]" time="0.001"></testcase><testcase classname="tests.test_ep_type" file="tests/test_ep_type.py" line="54" name="test_validate_ep_type_values[-1-True]" time="0.001"></testcase><testcase classname="tests.test_ep_type" file="tests/test_ep_type.py" line="54" name="test_validate_ep_type_values[-32768-False]" time="0.001"></testcase><testcase classname="tests.test_ep_type" file="tests/test_ep_type.py" line="54" name="test_validate_ep_type_values[-32767-True]" time="0.001"></testcase><testcase classname="tests.test_ep_type" file="tests/test_ep_type.py" line="69" name="test_validate_ep_type_names[builtins_int-True]" time="0.001"></testcase><testcase classname="tests.test_ep_type" file="tests/test_ep_type.py" line="69" name="test_validate_ep_type_names[builtins_str-True]" time="0.001"></testcase><testcase classname="tests.test_ep_type" file="tests/test_ep_type.py" line="69" name="test_validate_ep_type_names[invalid-False]" time="0.001"></testcase><testcase classname="tests.test_ep_type" file="tests/test_ep_type.py" line="69" name="test_validate_ep_type_names[egp_physics.gc_type_eGC-True]" time="0.001"></testcase><testcase classname="tests.test_ep_type" file="tests/test_ep_type.py" line="69" name="test_validate_ep_type_names[egp_invalid_type-False]" time="0.001"></testcase><testcase classname="tests.test_ep_type" file="tests/test_ep_type.py" line="69" name="test_validate_ep_type_names[egp_unknown_type-True]" time="0.001"></testcase><testcase classname="tests.test_ep_type" file="tests/test_ep_type.py" line="84" name="test_asint_type_objects[int-2]" time="0.001"></testcase><testcase classname="tests.test_ep_type" file="tests/test_ep_type.py" line="84" name="test_asint_type_objects[str-5]" time="0.001"></testcase><testcase classname="tests.test_ep_type" file="tests/test_ep_type.py" line="84" name="test_asint_type_objects[object--32768]" time="0.001"></testcase><testcase classname="tests.test_ep_type" file="tests/test_ep_type.py" line="84" name="test_asint_type_objects[eGC--1]" time="0.001"></testcase><testcase classname="tests.test_ep_type" file="tests/test_ep_type.py" line="84" name="test_asint_type_objects[mGC--2]" time="0.001"></testcase><testcase classname="tests.test_ep_type" file="tests/test_ep_type.py" line="98" name="test_asint_objects[8-2]" time="0.001"></testcase><testcase classname="tests.test_ep_type" file="tests/test_ep_type.py" line="98" name="test_asint_objects[Test-5]" time="0.001"></testcase><testcase classname="tests.test_ep_type" file="tests/test_ep_type.py" line="98" name="test_asint_objects[obj2--32768]" time="0.001"></testcase><testcase classname="tests.test_ep_type" file="tests/test_ep_type.py" line="98" name="test_asint_objects[obj3--1]" time="0.001"></testcase><testcase classname="tests.test_ep_type" file="tests/test_ep_type.py" line="98" name="test_asint_objects[mGC--32768]" time="0.001"></testcase><testcase classname="tests.test_ep_type" file="tests/test_ep_type.py" line="98" name="test_asint_objects[obj5--32768]" time="0.001"></testcase><testcase classname="tests.test_ep_type" file="tests/test_ep_type.py" line="113" name="test_asint_ep_type_str_instances[8-2]" time="0.001"></testcase><testcase classname="tests.test_ep_type" file="tests/test_ep_type.py" line="113" name="test_asint_ep_type_str_instances[str(8)-5]" time="0.001"></testcase><testcase classname="tests.test_ep_type" file="tests/test_ep_type.py" line="113" name="test_asint_ep_type_str_instances[bytes()--32768]" time="0.001"></testcase><testcase classname="tests.test_ep_type" file="tests/test_ep_type.py" line="113" name="test_asint_ep_type_str_instances[gc_type_eGC()--1]" time="0.001"></testcase><testcase classname="tests.test_ep_type" file="tests/test_ep_type.py" line="113" name="test_asint_ep_type_str_instances[{}--32768]" time="0.001"></testcase><testcase classname="tests.test_ep_type" file="tests/test_ep_type.py" line="127" name="test_asint_ep_type_names[builtins_int-2]" time="0.001"></testcase><testcase classname="tests.test_ep_type" file="tests/test_ep_type.py" line="127" name="test_asint_ep_type_names[builtins_str-5]" time="0.001"></testcase><testcase classname="tests.test_ep_type" file="tests/test_ep_type.py" line="127" name="test_asint_ep_type_names[invalid--32768]" time="0.001"></testcase><testcase classname="tests.test_ep_type" file="tests/test_ep_type.py" line="127" name="test_asint_ep_type_names[egp_physics.gc_type_eGC--1]" time="0.001"></testcase><testcase classname="tests.test_ep_type" file="tests/test_ep_type.py" line="127" name="test_asint_ep_type_names[egp_invalid_type--32768]" time="0.001"></testcase><testcase classname="tests.test_ep_type" file="tests/test_ep_type.py" line="127" name="test_asint_ep_type_names[egp_unknown_type--32767]" time="0.001"></testcase><testcase classname="tests.test_ep_type" file="tests/test_ep_type.py" line="142" name="test_asstr_type_objects[int-builtins_int]" time="0.001"></testcase><testcase classname="tests.test_ep_type" file="tests/test_ep_type.py" line="142" name="test_asstr_type_objects[str-builtins_str]" time="0.001"></testcase><testcase classname="tests.test_ep_type" file="tests/test_ep_type.py" line="142" name="test_asstr_type_objects[object-egp_invalid_type]" time="0.001"></testcase><testcase classname="tests.test_ep_type" file="tests/test_ep_type.py" line="142" name="test_asstr_type_objects[eGC-egp_physics.gc_type_eGC]" time="0.001"></testcase><testcase classname="tests.test_ep_type" file="tests/test_ep_type.py" line="142" name="test_asstr_type_objects[mGC-egp_physics.gc_type_mGC]" time="0.001"></testcase><testcase classname="tests.test_ep_type" file="tests/test_ep_type.py" line="156" name="test_asstr_objects[8-builtins_int]" time="0.001"></testcase><testcase classname="tests.test_ep_type" file="tests/test_ep_type.py" line="156" name="test_asstr_objects[Test-builtins_str]" time="0.001"></testcase><testcase classname="tests.test_ep_type" file="tests/test_ep_type.py" line="156" name="test_asstr_objects[obj2-egp_invalid_type]" time="0.001"></testcase><testcase classname="tests.test_ep_type" file="tests/test_ep_type.py" line="156" name="test_asstr_objects[obj3-egp_physics.gc_type_eGC]" time="0.001"></testcase><testcase classname="tests.test_ep_type" file="tests/test_ep_type.py" line="156" name="test_asstr_objects[mGC-egp_invalid_type]" time="0.001"></testcase><testcase classname="tests.test_ep_type" file="tests/test_ep_type.py" line="156" name="test_asstr_objects[obj5-egp_invalid_type]" time="0.001"></testcase><testcase classname="tests.test_ep_type" file="tests/test_ep_type.py" line="171" name="test_asstr_ep_type_str_instances[8-builtins_int]" time="0.001"></testcase><testcase classname="tests.test_ep_type" file="tests/test_ep_type.py" line="171" name="test_asstr_ep_type_str_instances[str(8)-builtins_str]" time="0.001"></testcase><testcase classname="tests.test_ep_type" file="tests/test_ep_type.py" line="171" name="test_asstr_ep_type_str_instances[bytes()-egp_invalid_type]" time="0.001"></testcase><testcase classname="tests.test_ep_type" file="tests/test_ep_type.py" line="171" name="test_asstr_ep_type_str_instances[gc_type_eGC()-egp_physics.gc_type_eGC]" time="0.001"></testcase><testcase classname="tests.test_ep_type" file="tests/test_ep_type.py" line="171" name="test_asstr_ep_type_str_instances[{}-egp_invalid_type]" time="0.001"></testcase><testcase classname="tests.test_ep_type" file="tests/test_ep_type.py" line="184" name="test_asstr_ep_type_values[2-builtins_int]" time="0.001"></testcase><testcase classname="tests.test_ep_type" file="tests/test_ep_type.py" line="184" name="test_asstr_ep_type_values[5-builtins_str]" time="0.001"></testcase><testcase classname="tests.test_ep_type" file="tests/test_ep_type.py" line="184" name="test_asstr_ep_type_values[-32766-egp_invalid_type]" time="0.001"></testcase><testcase classname="tests.test_ep_type" file="tests/test_ep_type.py" line="184" name="test_asstr_ep_type_values[-1-egp_physics.gc_type_eGC]" time="0.001"></testcase><testcase classname="tests.test_ep_type" file="tests/test_ep_type.py" line="184" name="test_asstr_ep_type_values[-32768-egp_invalid_type]" time="0.001"></testcase><testcase classname="tests.test_ep_type" file="tests/test_ep_type.py" line="184" name="test_asstr_ep_type_values[-32767-egp_unknown_type]" time="0.001"></testcase><testcase classname="tests.test_ep_type" file="tests/test_ep_type.py" line="199" name="test_import_str" time="0.001"></testcase><testcase classname="tests.test_ep_type" file="tests/test_ep_type.py" line="204" name="test_compatible" time="0.001"></testcase><testcase classname="tests.test_ep_type" file="tests/test_ep_type.py" line="209" name="test_type_str[2-int]" time="0.001"></testcase><testcase classname="tests.test_ep_type" file="tests/test_ep_type.py" line="209" name="test_type_str[5-str]" time="0.001"></testcase><testcase classname="tests.test_ep_type" file="tests/test_ep_type.py" line="209" name="test_type_str[-1-gc_type_eGC]" time="0.001"></testcase><testcase classname="tests.test_ep_type" file="tests/test_ep_type.py" line="221" name="test_instance_str[0]" time="0.001"></testcase><testcase classname="tests.test_ep_type" file="tests/test_ep_type.py" line="221" name="test_instance_str[1]" time="0.001"></testcase><testcase classname="tests.test_ep_type" file="tests/test_ep_type.py" line="221" name="test_instance_str[2]" time="0.001"></testcase><testcase classname="tests.test_ep_type" file="tests/test_ep_type.py" line="221" name="test_instance_str[3]" time="0.001"></testcase><testcase classname="tests.test_ep_type" file="tests/test_ep_type.py" line="221" name="test_instance_str[4]" time="0.001"></testcase><testcase classname="tests.test_ep_type" file="tests/test_ep_type.py" line="221" name="test_instance_str[5]" time="0.001"></testcase><testcase classname="tests.test_ep_type" file="tests/test_ep_type.py" line="221" name="test_instance_str[-32768]" time="0.001"></testcase><testcase classname="tests.test_ep_type" file="tests/test_ep_type.py" line="221" name="test_instance_str[-32767]" time="0.001"></testcase><testcase classname="tests.test_ep_type" file="tests/test_ep_type.py" line="221" name="test_instance_str[-1]" time="0.001"></testcase><testcase classname="tests.test_ep_type" file="tests/test_ep_type.py" line="221" name="test_instance_str[-2]" time="0.001"></testcase></testsuite></testsuites>